#
# A fatal error has been detected by the Java Runtime Environment:
#
#  Internal Error (macroAssembler_x86.cpp:864), pid=19140, tid=1412
#  fatal error: DEBUG MESSAGE: illegal bytecode sequence - method not verified
#
# JRE version: OpenJDK Runtime Environment (17.0.6) (build 17.0.6+0-b2043.56-9586694)
# Java VM: OpenJDK 64-Bit Server VM (17.0.6+0-b2043.56-9586694, mixed mode, tiered, compressed oops, compressed class ptrs, g1 gc, windows-amd64)
# No core dump will be written. Minidumps are not enabled by default on client versions of Windows
#
# If you would like to submit a bug report, please visit:
#   https://bugreport.java.com/bugreport/crash.jsp
#

---------------  S U M M A R Y ------------

Command Line: --add-opens=java.base/java.util=ALL-UNNAMED --add-opens=java.base/java.lang=ALL-UNNAMED --add-opens=java.base/java.lang.invoke=ALL-UNNAMED --add-opens=java.prefs/java.util.prefs=ALL-UNNAMED --add-opens=java.base/java.nio.charset=ALL-UNNAMED --add-opens=java.base/java.net=ALL-UNNAMED --add-opens=java.base/java.util.concurrent.atomic=ALL-UNNAMED -Xmx2048m -Dfile.encoding=UTF-8 -Duser.country=PE -Duser.language=es -Duser.variant org.gradle.launcher.daemon.bootstrap.GradleDaemon 8.0

Host: Intel(R) Core(TM) i5-8250U CPU @ 1.60GHz, 8 cores, 7G,  Windows 10 , 64 bit Build 18362 (10.0.18362.1500)
Time: Fri Apr 28 15:39:40 2023 Hora est. Pacífico, Sudamérica elapsed time: 217.735318 seconds (0d 0h 3m 37s)

---------------  T H R E A D  ---------------

Current thread (0x00000281bfa0fd60):  JavaThread "WorkerExecutor Queue Thread 6" [_thread_in_Java, id=1412, stack(0x000000c96cd00000,0x000000c96ce00000)]

Stack: [0x000000c96cd00000,0x000000c96ce00000]
Native frames: (J=compiled Java code, j=interpreted, Vv=VM code, C=native code)
V  [jvm.dll+0x683b4a]
V  [jvm.dll+0x842654]
V  [jvm.dll+0x843dfe]
V  [jvm.dll+0x24989f]
V  [jvm.dll+0x5b7cbe]
C  0x00000281aa0b9077


---------------  P R O C E S S  ---------------

Threads class SMR info:
_java_thread_list=0x00000281c2c403d0, length=153, elements={
0x000002819f6be160, 0x00000281b951cea0, 0x00000281b951efa0, 0x00000281ba03b4d0,
0x00000281ba03dea0, 0x00000281ba03e850, 0x00000281ba041210, 0x00000281ba041fa0,
0x00000281ba045f40, 0x00000281ba051870, 0x00000281ba1d0f70, 0x00000281ba1f05e0,
0x00000281bb7c8f30, 0x00000281baf54fe0, 0x00000281bce11ed0, 0x00000281bc9222e0,
0x00000281bba2df40, 0x00000281bd114830, 0x00000281bb0045a0, 0x00000281bb872580,
0x00000281bb874260, 0x00000281bb872f20, 0x00000281bb875a70, 0x00000281bb8733f0,
0x00000281bb874730, 0x00000281bb873d90, 0x00000281bb8720b0, 0x00000281bb8738c0,
0x00000281bb874c00, 0x00000281bb8750d0, 0x00000281be4d7090, 0x00000281be4d88a0,
0x00000281be4d9be0, 0x00000281be4d7560, 0x00000281be4d4a10, 0x00000281be4db3f0,
0x00000281be4d83d0, 0x00000281be4d9240, 0x00000281be4d9710, 0x00000281be4da580,
0x00000281be4d53b0, 0x00000281be4d7a30, 0x00000281be4d5880, 0x00000281be4d6220,
0x00000281be4d66f0, 0x00000281be4d6bc0, 0x00000281be4daa50, 0x00000281be4daf20,
0x00000281be4db8c0, 0x00000281be4d4070, 0x00000281be4d4540, 0x00000281be4d4ee0,
0x00000281be4d5d50, 0x00000281bc9e86e0, 0x00000281bc9e6a00, 0x00000281bc9e6ed0,
0x00000281bc9e2b70, 0x00000281bc9e4850, 0x00000281bc9e4d20, 0x00000281bc9e3040,
0x00000281bc9e39e0, 0x00000281bc9e7d40, 0x00000281bc9e8210, 0x00000281bc9e73a0,
0x00000281bc9e6530, 0x00000281bc9e5b90, 0x00000281bc9e3eb0, 0x00000281bc9e8bb0,
0x00000281bc9e4380, 0x00000281bc9e9a20, 0x00000281bc9e7870, 0x00000281bc9e9080,
0x00000281bc9e9550, 0x00000281bc9e51f0, 0x00000281bc9e9ef0, 0x00000281bc9e3510,
0x00000281bc9e56c0, 0x00000281bc9e26a0, 0x00000281bc9e6060, 0x00000281bf3c5140,
0x00000281bf3c6950, 0x00000281bf3c6e20, 0x00000281bf3c6480, 0x00000281bf3c9e40,
0x00000281bf3cb180, 0x00000281bf3c8b00, 0x00000281bf3cb650, 0x00000281bf3c8160,
0x00000281bf3ca7e0, 0x00000281bf3cacb0, 0x00000281bf3cbb20, 0x00000281bf3cbff0,
0x00000281bf3c77c0, 0x00000281bf3c5ae0, 0x00000281bf3c5610, 0x00000281bf3cc4c0,
0x00000281bf3c8630, 0x00000281bf3c72f0, 0x00000281bf3cc990, 0x00000281bf3c5fb0,
0x00000281bf3c8fd0, 0x00000281bf3c7c90, 0x00000281bf3c94a0, 0x00000281bf3c9970,
0x00000281bf3ca310, 0x00000281bc605d60, 0x00000281bc601ed0, 0x00000281bc602d40,
0x00000281bc607f10, 0x00000281bc606700, 0x00000281bc601a00, 0x00000281bc606230,
0x00000281bc604550, 0x00000281bc607a40, 0x00000281bc604ef0, 0x00000281bc6083e0,
0x00000281bc604a20, 0x00000281bc603210, 0x00000281bc6053c0, 0x00000281bc6023a0,
0x00000281bc606bd0, 0x00000281bc6070a0, 0x00000281bc602870, 0x00000281bc601060,
0x00000281bc607570, 0x00000281bc601530, 0x00000281bc604080, 0x00000281c0024250,
0x00000281c0023d80, 0x00000281c0026400, 0x00000281c00238b0, 0x00000281c0025a60,
0x00000281c00220a0, 0x00000281c0027270, 0x00000281c0021230, 0x00000281c0020890,
0x00000281c0026da0, 0x00000281c0027c10, 0x00000281c0024bf0, 0x00000281c0022a40,
0x00000281c0022f10, 0x00000281c0021700, 0x00000281bb872a50, 0x00000281bb8755a0,
0x00000281bc6088b0, 0x00000281bfa140c0, 0x00000281bfa14f30, 0x00000281bfa0f890,
0x00000281bfa15400, 0x00000281bfa11a40, 0x00000281bfa0fd60, 0x00000281bfa158d0,
0x00000281bfa0e080
}

Java Threads: ( => current thread )
  0x000002819f6be160 JavaThread "main" [_thread_blocked, id=12060, stack(0x000000c962900000,0x000000c962a00000)]
  0x00000281b951cea0 JavaThread "Reference Handler" daemon [_thread_blocked, id=13088, stack(0x000000c963000000,0x000000c963100000)]
  0x00000281b951efa0 JavaThread "Finalizer" daemon [_thread_blocked, id=19096, stack(0x000000c963100000,0x000000c963200000)]
  0x00000281ba03b4d0 JavaThread "Signal Dispatcher" daemon [_thread_blocked, id=2844, stack(0x000000c963200000,0x000000c963300000)]
  0x00000281ba03dea0 JavaThread "Attach Listener" daemon [_thread_blocked, id=18656, stack(0x000000c963300000,0x000000c963400000)]
  0x00000281ba03e850 JavaThread "Service Thread" daemon [_thread_blocked, id=10196, stack(0x000000c963400000,0x000000c963500000)]
  0x00000281ba041210 JavaThread "Monitor Deflation Thread" daemon [_thread_blocked, id=17412, stack(0x000000c963500000,0x000000c963600000)]
  0x00000281ba041fa0 JavaThread "C2 CompilerThread0" daemon [_thread_blocked, id=17452, stack(0x000000c963600000,0x000000c963700000)]
  0x00000281ba045f40 JavaThread "C1 CompilerThread0" daemon [_thread_blocked, id=2184, stack(0x000000c963700000,0x000000c963800000)]
  0x00000281ba051870 JavaThread "Sweeper thread" daemon [_thread_blocked, id=7248, stack(0x000000c963800000,0x000000c963900000)]
  0x00000281ba1d0f70 JavaThread "Common-Cleaner" daemon [_thread_blocked, id=15388, stack(0x000000c963900000,0x000000c963a00000)]
  0x00000281ba1f05e0 JavaThread "Notification Thread" daemon [_thread_blocked, id=13260, stack(0x000000c963a00000,0x000000c963b00000)]
  0x00000281bb7c8f30 JavaThread "Daemon health stats" [_thread_blocked, id=3296, stack(0x000000c964200000,0x000000c964300000)]
  0x00000281baf54fe0 JavaThread "Incoming local TCP Connector on port 54070" [_thread_in_native, id=17160, stack(0x000000c964000000,0x000000c964100000)]
  0x00000281bce11ed0 JavaThread "Daemon periodic checks" [_thread_blocked, id=3008, stack(0x000000c964100000,0x000000c964200000)]
  0x00000281bc9222e0 JavaThread "Daemon" [_thread_blocked, id=8824, stack(0x000000c964300000,0x000000c964400000)]
  0x00000281bba2df40 JavaThread "Handler for socket connection from /127.0.0.1:54070 to /127.0.0.1:54071" [_thread_in_native, id=12424, stack(0x000000c964400000,0x000000c964500000)]
  0x00000281bd114830 JavaThread "Cancel handler" [_thread_blocked, id=15472, stack(0x000000c964500000,0x000000c964600000)]
  0x00000281bb0045a0 JavaThread "Daemon worker" [_thread_blocked, id=16788, stack(0x000000c964600000,0x000000c964700000)]
  0x00000281bb872580 JavaThread "Asynchronous log dispatcher for DefaultDaemonConnection: socket connection from /127.0.0.1:54070 to /127.0.0.1:54071" [_thread_blocked, id=17036, stack(0x000000c964700000,0x000000c964800000)]
  0x00000281bb874260 JavaThread "Daemon client event forwarder" [_thread_blocked, id=4836, stack(0x000000c964900000,0x000000c964a00000)]
  0x00000281bb872f20 JavaThread "Cache worker for journal cache (C:\Users\SEBASTIAN\.gradle\caches\journal-1)" [_thread_blocked, id=16528, stack(0x000000c964e00000,0x000000c964f00000)]
  0x00000281bb875a70 JavaThread "File lock request listener" [_thread_in_native, id=13800, stack(0x000000c964f00000,0x000000c965000000)]
  0x00000281bb8733f0 JavaThread "Cache worker for file hash cache (C:\Users\SEBASTIAN\.gradle\caches\8.0\fileHashes)" [_thread_blocked, id=14460, stack(0x000000c965000000,0x000000c965100000)]
  0x00000281bb874730 JavaThread "File watcher server" daemon [_thread_in_native, id=12544, stack(0x000000c965100000,0x000000c965200000)]
  0x00000281bb873d90 JavaThread "File watcher consumer" daemon [_thread_blocked, id=9156, stack(0x000000c965200000,0x000000c965300000)]
  0x00000281bb8720b0 JavaThread "Cache worker for checksums cache (C:\Users\SEBASTIAN\AndroidStudioProjects\FozeStore\.gradle\8.0\checksums)" [_thread_blocked, id=14996, stack(0x000000c965300000,0x000000c965400000)]
  0x00000281bb8738c0 JavaThread "Cache worker for cache directory md-rule (C:\Users\SEBASTIAN\.gradle\caches\8.0\md-rule)" [_thread_blocked, id=17244, stack(0x000000c965400000,0x000000c965500000)]
  0x00000281bb874c00 JavaThread "Cache worker for file content cache (C:\Users\SEBASTIAN\.gradle\caches\8.0\fileContent)" [_thread_blocked, id=4256, stack(0x000000c965700000,0x000000c965800000)]
  0x00000281bb8750d0 JavaThread "Cache worker for file hash cache (C:\Users\SEBASTIAN\AndroidStudioProjects\FozeStore\.gradle\8.0\fileHashes)" [_thread_blocked, id=8468, stack(0x000000c965500000,0x000000c965600000)]
  0x00000281be4d7090 JavaThread "Cache worker for cache directory md-supplier (C:\Users\SEBASTIAN\.gradle\caches\8.0\md-supplier)" [_thread_blocked, id=12348, stack(0x000000c965600000,0x000000c965700000)]
  0x00000281be4d88a0 JavaThread "Cache worker for execution history cache (C:\Users\SEBASTIAN\.gradle\caches\8.0\executionHistory)" [_thread_blocked, id=15136, stack(0x000000c965800000,0x000000c965900000)]
  0x00000281be4d9be0 JavaThread "jar transforms" [_thread_blocked, id=6072, stack(0x000000c965900000,0x000000c965a00000)]
  0x00000281be4d7560 JavaThread "jar transforms Thread 2" [_thread_blocked, id=7380, stack(0x000000c965a00000,0x000000c965b00000)]
  0x00000281be4d4a10 JavaThread "jar transforms Thread 3" [_thread_blocked, id=9660, stack(0x000000c965b00000,0x000000c965c00000)]
  0x00000281be4db3f0 JavaThread "jar transforms Thread 4" [_thread_blocked, id=7624, stack(0x000000c965c00000,0x000000c965d00000)]
  0x00000281be4d83d0 JavaThread "Cache worker for dependencies-accessors (C:\Users\SEBASTIAN\AndroidStudioProjects\FozeStore\.gradle\8.0\dependencies-accessors)" [_thread_blocked, id=2456, stack(0x000000c965e00000,0x000000c965f00000)]
  0x00000281be4d9240 JavaThread "jar transforms Thread 5" [_thread_blocked, id=2932, stack(0x000000c965d00000,0x000000c965e00000)]
  0x00000281be4d9710 JavaThread "Cache worker for Build Output Cleanup Cache (C:\Users\SEBASTIAN\AndroidStudioProjects\FozeStore\.gradle\buildOutputCleanup)" [_thread_blocked, id=4704, stack(0x000000c965f00000,0x000000c966000000)]
  0x00000281be4da580 JavaThread "Unconstrained build operations" [_thread_blocked, id=1296, stack(0x000000c966000000,0x000000c966100000)]
  0x00000281be4d53b0 JavaThread "Unconstrained build operations Thread 2" [_thread_blocked, id=5160, stack(0x000000c966100000,0x000000c966200000)]
  0x00000281be4d7a30 JavaThread "Unconstrained build operations Thread 3" [_thread_blocked, id=140, stack(0x000000c966200000,0x000000c966300000)]
  0x00000281be4d5880 JavaThread "Unconstrained build operations Thread 4" [_thread_blocked, id=8356, stack(0x000000c966300000,0x000000c966400000)]
  0x00000281be4d6220 JavaThread "Unconstrained build operations Thread 5" [_thread_blocked, id=3124, stack(0x000000c966400000,0x000000c966500000)]
  0x00000281be4d66f0 JavaThread "Unconstrained build operations Thread 6" [_thread_blocked, id=15072, stack(0x000000c966500000,0x000000c966600000)]
  0x00000281be4d6bc0 JavaThread "Unconstrained build operations Thread 7" [_thread_blocked, id=2772, stack(0x000000c966600000,0x000000c966700000)]
  0x00000281be4daa50 JavaThread "Unconstrained build operations Thread 8" [_thread_blocked, id=14964, stack(0x000000c966700000,0x000000c966800000)]
  0x00000281be4daf20 JavaThread "Unconstrained build operations Thread 9" [_thread_blocked, id=17324, stack(0x000000c966800000,0x000000c966900000)]
  0x00000281be4db8c0 JavaThread "Unconstrained build operations Thread 10" [_thread_blocked, id=16732, stack(0x000000c966900000,0x000000c966a00000)]
  0x00000281be4d4070 JavaThread "Unconstrained build operations Thread 11" [_thread_blocked, id=1924, stack(0x000000c966a00000,0x000000c966b00000)]
  0x00000281be4d4540 JavaThread "Unconstrained build operations Thread 12" [_thread_blocked, id=16308, stack(0x000000c966b00000,0x000000c966c00000)]
  0x00000281be4d4ee0 JavaThread "Unconstrained build operations Thread 13" [_thread_blocked, id=15584, stack(0x000000c966c00000,0x000000c966d00000)]
  0x00000281be4d5d50 JavaThread "Unconstrained build operations Thread 14" [_thread_blocked, id=15364, stack(0x000000c966d00000,0x000000c966e00000)]
  0x00000281bc9e86e0 JavaThread "Unconstrained build operations Thread 15" [_thread_blocked, id=1592, stack(0x000000c966e00000,0x000000c966f00000)]
  0x00000281bc9e6a00 JavaThread "Unconstrained build operations Thread 16" [_thread_blocked, id=13676, stack(0x000000c966f00000,0x000000c967000000)]
  0x00000281bc9e6ed0 JavaThread "Unconstrained build operations Thread 17" [_thread_blocked, id=4588, stack(0x000000c967000000,0x000000c967100000)]
  0x00000281bc9e2b70 JavaThread "Unconstrained build operations Thread 18" [_thread_blocked, id=16920, stack(0x000000c967100000,0x000000c967200000)]
  0x00000281bc9e4850 JavaThread "Unconstrained build operations Thread 19" [_thread_blocked, id=12384, stack(0x000000c967200000,0x000000c967300000)]
  0x00000281bc9e4d20 JavaThread "Unconstrained build operations Thread 20" [_thread_blocked, id=14888, stack(0x000000c967300000,0x000000c967400000)]
  0x00000281bc9e3040 JavaThread "Unconstrained build operations Thread 21" [_thread_blocked, id=14908, stack(0x000000c967400000,0x000000c967500000)]
  0x00000281bc9e39e0 JavaThread "Unconstrained build operations Thread 22" [_thread_blocked, id=3744, stack(0x000000c967500000,0x000000c967600000)]
  0x00000281bc9e7d40 JavaThread "Unconstrained build operations Thread 23" [_thread_blocked, id=18736, stack(0x000000c967600000,0x000000c967700000)]
  0x00000281bc9e8210 JavaThread "Unconstrained build operations Thread 24" [_thread_blocked, id=9100, stack(0x000000c967700000,0x000000c967800000)]
  0x00000281bc9e73a0 JavaThread "Unconstrained build operations Thread 25" [_thread_blocked, id=12352, stack(0x000000c967800000,0x000000c967900000)]
  0x00000281bc9e6530 JavaThread "Unconstrained build operations Thread 26" [_thread_blocked, id=11972, stack(0x000000c967900000,0x000000c967a00000)]
  0x00000281bc9e5b90 JavaThread "Unconstrained build operations Thread 27" [_thread_blocked, id=1896, stack(0x000000c967a00000,0x000000c967b00000)]
  0x00000281bc9e3eb0 JavaThread "Unconstrained build operations Thread 28" [_thread_blocked, id=11412, stack(0x000000c967b00000,0x000000c967c00000)]
  0x00000281bc9e8bb0 JavaThread "Unconstrained build operations Thread 29" [_thread_blocked, id=18692, stack(0x000000c967c00000,0x000000c967d00000)]
  0x00000281bc9e4380 JavaThread "Unconstrained build operations Thread 30" [_thread_blocked, id=8184, stack(0x000000c967d00000,0x000000c967e00000)]
  0x00000281bc9e9a20 JavaThread "Unconstrained build operations Thread 31" [_thread_blocked, id=11164, stack(0x000000c967e00000,0x000000c967f00000)]
  0x00000281bc9e7870 JavaThread "Unconstrained build operations Thread 32" [_thread_blocked, id=6756, stack(0x000000c967f00000,0x000000c968000000)]
  0x00000281bc9e9080 JavaThread "Unconstrained build operations Thread 33" [_thread_blocked, id=10052, stack(0x000000c968000000,0x000000c968100000)]
  0x00000281bc9e9550 JavaThread "Unconstrained build operations Thread 34" [_thread_blocked, id=9732, stack(0x000000c968100000,0x000000c968200000)]
  0x00000281bc9e51f0 JavaThread "Unconstrained build operations Thread 35" [_thread_blocked, id=4172, stack(0x000000c968200000,0x000000c968300000)]
  0x00000281bc9e9ef0 JavaThread "Unconstrained build operations Thread 36" [_thread_blocked, id=12496, stack(0x000000c968300000,0x000000c968400000)]
  0x00000281bc9e3510 JavaThread "Unconstrained build operations Thread 37" [_thread_blocked, id=6520, stack(0x000000c968400000,0x000000c968500000)]
  0x00000281bc9e56c0 JavaThread "Unconstrained build operations Thread 38" [_thread_blocked, id=4392, stack(0x000000c968500000,0x000000c968600000)]
  0x00000281bc9e26a0 JavaThread "Unconstrained build operations Thread 39" [_thread_blocked, id=9996, stack(0x000000c968600000,0x000000c968700000)]
  0x00000281bc9e6060 JavaThread "Unconstrained build operations Thread 40" [_thread_blocked, id=11276, stack(0x000000c968700000,0x000000c968800000)]
  0x00000281bf3c5140 JavaThread "Unconstrained build operations Thread 41" [_thread_blocked, id=17140, stack(0x000000c968800000,0x000000c968900000)]
  0x00000281bf3c6950 JavaThread "Unconstrained build operations Thread 42" [_thread_blocked, id=13652, stack(0x000000c968900000,0x000000c968a00000)]
  0x00000281bf3c6e20 JavaThread "Unconstrained build operations Thread 43" [_thread_blocked, id=16688, stack(0x000000c968a00000,0x000000c968b00000)]
  0x00000281bf3c6480 JavaThread "Unconstrained build operations Thread 44" [_thread_blocked, id=18664, stack(0x000000c968b00000,0x000000c968c00000)]
  0x00000281bf3c9e40 JavaThread "Unconstrained build operations Thread 45" [_thread_blocked, id=14220, stack(0x000000c968c00000,0x000000c968d00000)]
  0x00000281bf3cb180 JavaThread "Unconstrained build operations Thread 46" [_thread_blocked, id=13512, stack(0x000000c968d00000,0x000000c968e00000)]
  0x00000281bf3c8b00 JavaThread "Unconstrained build operations Thread 47" [_thread_blocked, id=17580, stack(0x000000c968e00000,0x000000c968f00000)]
  0x00000281bf3cb650 JavaThread "Unconstrained build operations Thread 48" [_thread_blocked, id=2648, stack(0x000000c968f00000,0x000000c969000000)]
  0x00000281bf3c8160 JavaThread "Unconstrained build operations Thread 49" [_thread_blocked, id=17648, stack(0x000000c969000000,0x000000c969100000)]
  0x00000281bf3ca7e0 JavaThread "Unconstrained build operations Thread 50" [_thread_blocked, id=4312, stack(0x000000c969100000,0x000000c969200000)]
  0x00000281bf3cacb0 JavaThread "Unconstrained build operations Thread 51" [_thread_blocked, id=10364, stack(0x000000c969200000,0x000000c969300000)]
  0x00000281bf3cbb20 JavaThread "Unconstrained build operations Thread 52" [_thread_blocked, id=12160, stack(0x000000c969300000,0x000000c969400000)]
  0x00000281bf3cbff0 JavaThread "Unconstrained build operations Thread 53" [_thread_blocked, id=15196, stack(0x000000c969400000,0x000000c969500000)]
  0x00000281bf3c77c0 JavaThread "Unconstrained build operations Thread 54" [_thread_blocked, id=5476, stack(0x000000c969500000,0x000000c969600000)]
  0x00000281bf3c5ae0 JavaThread "Unconstrained build operations Thread 55" [_thread_blocked, id=5296, stack(0x000000c969600000,0x000000c969700000)]
  0x00000281bf3c5610 JavaThread "Unconstrained build operations Thread 56" [_thread_blocked, id=11020, stack(0x000000c969700000,0x000000c969800000)]
  0x00000281bf3cc4c0 JavaThread "Unconstrained build operations Thread 57" [_thread_blocked, id=7492, stack(0x000000c969800000,0x000000c969900000)]
  0x00000281bf3c8630 JavaThread "Unconstrained build operations Thread 58" [_thread_blocked, id=7808, stack(0x000000c969900000,0x000000c969a00000)]
  0x00000281bf3c72f0 JavaThread "Unconstrained build operations Thread 59" [_thread_blocked, id=18260, stack(0x000000c969a00000,0x000000c969b00000)]
  0x00000281bf3cc990 JavaThread "Unconstrained build operations Thread 60" [_thread_blocked, id=17716, stack(0x000000c969b00000,0x000000c969c00000)]
  0x00000281bf3c5fb0 JavaThread "Unconstrained build operations Thread 61" [_thread_blocked, id=17960, stack(0x000000c969c00000,0x000000c969d00000)]
  0x00000281bf3c8fd0 JavaThread "Unconstrained build operations Thread 62" [_thread_blocked, id=13668, stack(0x000000c969d00000,0x000000c969e00000)]
  0x00000281bf3c7c90 JavaThread "Unconstrained build operations Thread 63" [_thread_blocked, id=18112, stack(0x000000c969e00000,0x000000c969f00000)]
  0x00000281bf3c94a0 JavaThread "Unconstrained build operations Thread 64" [_thread_blocked, id=2408, stack(0x000000c969f00000,0x000000c96a000000)]
  0x00000281bf3c9970 JavaThread "Unconstrained build operations Thread 65" [_thread_blocked, id=3380, stack(0x000000c96a000000,0x000000c96a100000)]
  0x00000281bf3ca310 JavaThread "Unconstrained build operations Thread 66" [_thread_blocked, id=7612, stack(0x000000c96a100000,0x000000c96a200000)]
  0x00000281bc605d60 JavaThread "Unconstrained build operations Thread 67" [_thread_blocked, id=10628, stack(0x000000c96a200000,0x000000c96a300000)]
  0x00000281bc601ed0 JavaThread "Unconstrained build operations Thread 68" [_thread_blocked, id=18516, stack(0x000000c96a300000,0x000000c96a400000)]
  0x00000281bc602d40 JavaThread "Unconstrained build operations Thread 69" [_thread_blocked, id=7296, stack(0x000000c96a400000,0x000000c96a500000)]
  0x00000281bc607f10 JavaThread "Unconstrained build operations Thread 70" [_thread_blocked, id=12040, stack(0x000000c96a500000,0x000000c96a600000)]
  0x00000281bc606700 JavaThread "Unconstrained build operations Thread 71" [_thread_blocked, id=8892, stack(0x000000c96a600000,0x000000c96a700000)]
  0x00000281bc601a00 JavaThread "Unconstrained build operations Thread 72" [_thread_blocked, id=7876, stack(0x000000c96a700000,0x000000c96a800000)]
  0x00000281bc606230 JavaThread "Unconstrained build operations Thread 73" [_thread_blocked, id=856, stack(0x000000c96a800000,0x000000c96a900000)]
  0x00000281bc604550 JavaThread "Unconstrained build operations Thread 74" [_thread_blocked, id=4288, stack(0x000000c96a900000,0x000000c96aa00000)]
  0x00000281bc607a40 JavaThread "Unconstrained build operations Thread 75" [_thread_blocked, id=11828, stack(0x000000c96aa00000,0x000000c96ab00000)]
  0x00000281bc604ef0 JavaThread "Unconstrained build operations Thread 76" [_thread_blocked, id=18244, stack(0x000000c96ab00000,0x000000c96ac00000)]
  0x00000281bc6083e0 JavaThread "Unconstrained build operations Thread 77" [_thread_blocked, id=8548, stack(0x000000c96ac00000,0x000000c96ad00000)]
  0x00000281bc604a20 JavaThread "Unconstrained build operations Thread 78" [_thread_blocked, id=428, stack(0x000000c96ad00000,0x000000c96ae00000)]
  0x00000281bc603210 JavaThread "Unconstrained build operations Thread 79" [_thread_blocked, id=280, stack(0x000000c96ae00000,0x000000c96af00000)]
  0x00000281bc6053c0 JavaThread "Unconstrained build operations Thread 80" [_thread_blocked, id=4664, stack(0x000000c96af00000,0x000000c96b000000)]
  0x00000281bc6023a0 JavaThread "jar transforms Thread 6" [_thread_blocked, id=1984, stack(0x000000c96b100000,0x000000c96b200000)]
  0x00000281bc606bd0 JavaThread "jar transforms Thread 7" [_thread_blocked, id=12952, stack(0x000000c96b200000,0x000000c96b300000)]
  0x00000281bc6070a0 JavaThread "jar transforms Thread 8" [_thread_blocked, id=11308, stack(0x000000c96b300000,0x000000c96b400000)]
  0x00000281bc602870 JavaThread "build event listener" [_thread_blocked, id=12912, stack(0x000000c96b500000,0x000000c96b600000)]
  0x00000281bc601060 JavaThread "Memory manager" [_thread_blocked, id=18372, stack(0x000000c96b600000,0x000000c96b700000)]
  0x00000281bc607570 JavaThread "included builds" [_thread_blocked, id=13408, stack(0x000000c962700000,0x000000c962800000)]
  0x00000281bc601530 JavaThread "Execution worker" [_thread_blocked, id=11152, stack(0x000000c96b400000,0x000000c96b500000)]
  0x00000281bc604080 JavaThread "Execution worker Thread 2" [_thread_blocked, id=7504, stack(0x000000c96b700000,0x000000c96b800000)]
  0x00000281c0024250 JavaThread "Execution worker Thread 3" [_thread_blocked, id=1604, stack(0x000000c96b800000,0x000000c96b900000)]
  0x00000281c0023d80 JavaThread "Execution worker Thread 4" [_thread_blocked, id=16048, stack(0x000000c96b900000,0x000000c96ba00000)]
  0x00000281c0026400 JavaThread "Execution worker Thread 5" [_thread_blocked, id=6760, stack(0x000000c96ba00000,0x000000c96bb00000)]
  0x00000281c00238b0 JavaThread "Execution worker Thread 6" [_thread_blocked, id=12504, stack(0x000000c96bb00000,0x000000c96bc00000)]
  0x00000281c0025a60 JavaThread "Execution worker Thread 7" [_thread_blocked, id=8992, stack(0x000000c96bc00000,0x000000c96bd00000)]
  0x00000281c00220a0 JavaThread "Cache worker for execution history cache (C:\Users\SEBASTIAN\AndroidStudioProjects\FozeStore\.gradle\8.0\executionHistory)" [_thread_blocked, id=15356, stack(0x000000c96bd00000,0x000000c96be00000)]
  0x00000281c0027270 JavaThread "WorkerExecutor Queue" [_thread_blocked, id=15216, stack(0x000000c962600000,0x000000c962700000)]
  0x00000281c0021230 JavaThread "pool-3-thread-1" [_thread_blocked, id=4204, stack(0x000000c964800000,0x000000c964900000)]
  0x00000281c0020890 JavaThread "stderr" [_thread_in_native, id=18220, stack(0x000000c96be00000,0x000000c96bf00000)]
  0x00000281c0026da0 JavaThread "stdout" [_thread_in_native, id=18696, stack(0x000000c96bf00000,0x000000c96c000000)]
  0x00000281c0027c10 JavaThread "Cache worker for Java compile cache (C:\Users\SEBASTIAN\.gradle\caches\8.0\javaCompile)" [_thread_blocked, id=8456, stack(0x000000c96c000000,0x000000c96c100000)]
  0x00000281c0024bf0 JavaThread "Build operations" [_thread_blocked, id=2348, stack(0x000000c96c100000,0x000000c96c200000)]
  0x00000281c0022a40 JavaThread "Build operations Thread 2" [_thread_blocked, id=9312, stack(0x000000c96c200000,0x000000c96c300000)]
  0x00000281c0022f10 JavaThread "Build operations Thread 3" [_thread_blocked, id=3016, stack(0x000000c96c300000,0x000000c96c400000)]
  0x00000281c0021700 JavaThread "Build operations Thread 4" [_thread_blocked, id=17024, stack(0x000000c96c400000,0x000000c96c500000)]
  0x00000281bb872a50 JavaThread "Build operations Thread 5" [_thread_blocked, id=2340, stack(0x000000c96c500000,0x000000c96c600000)]
  0x00000281bb8755a0 JavaThread "Build operations Thread 6" [_thread_blocked, id=13096, stack(0x000000c96c600000,0x000000c96c700000)]
  0x00000281bc6088b0 JavaThread "Build operations Thread 7" [_thread_blocked, id=8860, stack(0x000000c96c700000,0x000000c96c800000)]
  0x00000281bfa140c0 JavaThread "Build operations Thread 8" [_thread_blocked, id=6172, stack(0x000000c96c800000,0x000000c96c900000)]
  0x00000281bfa14f30 JavaThread "WorkerExecutor Queue Thread 2" [_thread_blocked, id=14244, stack(0x000000c96c900000,0x000000c96ca00000)]
  0x00000281bfa0f890 JavaThread "WorkerExecutor Queue Thread 3" [_thread_blocked, id=10144, stack(0x000000c96ca00000,0x000000c96cb00000)]
  0x00000281bfa15400 JavaThread "WorkerExecutor Queue Thread 4" [_thread_blocked, id=2872, stack(0x000000c96cb00000,0x000000c96cc00000)]
  0x00000281bfa11a40 JavaThread "WorkerExecutor Queue Thread 5" [_thread_in_vm, id=12124, stack(0x000000c96cc00000,0x000000c96cd00000)]
=>0x00000281bfa0fd60 JavaThread "WorkerExecutor Queue Thread 6" [_thread_in_Java, id=1412, stack(0x000000c96cd00000,0x000000c96ce00000)]
  0x00000281bfa158d0 JavaThread "WorkerExecutor Queue Thread 7" [_thread_in_Java, id=10848, stack(0x000000c96ce00000,0x000000c96cf00000)]
  0x00000281bfa0e080 JavaThread "WorkerExecutor Queue Thread 8" [_thread_in_Java, id=6052, stack(0x000000c96cf00000,0x000000c96d000000)]

Other Threads:
  0x00000281b9516170 VMThread "VM Thread" [stack: 0x000000c962f00000,0x000000c963000000] [id=13048]
  0x000002819f73c700 WatcherThread [stack: 0x000000c963b00000,0x000000c963c00000] [id=16392]
  0x000002819f71a290 GCTaskThread "GC Thread#0" [stack: 0x000000c962a00000,0x000000c962b00000] [id=16724]
  0x00000281ba527120 GCTaskThread "GC Thread#1" [stack: 0x000000c963d00000,0x000000c963e00000] [id=17856]
  0x00000281bae8c190 GCTaskThread "GC Thread#2" [stack: 0x000000c963e00000,0x000000c963f00000] [id=13636]
  0x00000281bae568b0 GCTaskThread "GC Thread#3" [stack: 0x000000c963f00000,0x000000c964000000] [id=628]
  0x00000281bb661cb0 GCTaskThread "GC Thread#4" [stack: 0x000000c963c00000,0x000000c963d00000] [id=6424]
  0x00000281bcb37d10 GCTaskThread "GC Thread#5" [stack: 0x000000c964a00000,0x000000c964b00000] [id=6328]
  0x00000281bbb015e0 GCTaskThread "GC Thread#6" [stack: 0x000000c964b00000,0x000000c964c00000] [id=18720]
  0x00000281bca2c640 GCTaskThread "GC Thread#7" [stack: 0x000000c964c00000,0x000000c964d00000] [id=7424]
  0x000002819f72b1d0 ConcurrentGCThread "G1 Main Marker" [stack: 0x000000c962b00000,0x000000c962c00000] [id=1452]
  0x000002819f72c380 ConcurrentGCThread "G1 Conc#0" [stack: 0x000000c962c00000,0x000000c962d00000] [id=18496]
  0x00000281bcd04600 ConcurrentGCThread "G1 Conc#1" [stack: 0x000000c964d00000,0x000000c964e00000] [id=11228]
  0x00000281b9367500 ConcurrentGCThread "G1 Refine#0" [stack: 0x000000c962d00000,0x000000c962e00000] [id=6024]
  0x00000281c2cfb170 ConcurrentGCThread "G1 Refine#1" [stack: 0x000000c96d000000,0x000000c96d100000] [id=17148]
  0x00000281c038b960 ConcurrentGCThread "G1 Refine#2" [stack: 0x000000c96d100000,0x000000c96d200000] [id=9048]
  0x00000281b9367d30 ConcurrentGCThread "G1 Service" [stack: 0x000000c962e00000,0x000000c962f00000] [id=1100]

Threads with active compile tasks:

VM state: not at safepoint (normal execution)

VM Mutex/Monitor currently owned by a thread: None

Heap address: 0x0000000080000000, size: 2048 MB, Compressed Oops mode: 32-bit

CDS archive(s) not mapped
Compressed class space mapped at: 0x0000000100000000-0x0000000140000000, reserved size: 1073741824
Narrow klass base: 0x0000000000000000, Narrow klass shift: 3, Narrow klass range: 0x140000000

GC Precious Log:
 CPUs: 8 total, 8 available
 Memory: 8058M
 Large Page Support: Disabled
 NUMA Support: Disabled
 Compressed Oops: Enabled (32-bit)
 Heap Region Size: 1M
 Heap Min Capacity: 8M
 Heap Initial Capacity: 126M
 Heap Max Capacity: 2G
 Pre-touch: Disabled
 Parallel Workers: 8
 Concurrent Workers: 2
 Concurrent Refinement Workers: 8
 Periodic GC: Disabled

Heap:
 garbage-first heap   total 158720K, used 134060K [0x0000000080000000, 0x0000000100000000)
  region size 1024K, 20 young (20480K), 1 survivors (1024K)
 Metaspace       used 117341K, committed 118080K, reserved 1155072K
  class space    used 16125K, committed 16448K, reserved 1048576K

Heap Regions: E=young(eden), S=young(survivor), O=old, HS=humongous(starts), HC=humongous(continues), CS=collection set, F=free, OA=open archive, CA=closed archive, TAMS=top-at-mark-start (previous, next)
|   0|0x0000000080000000, 0x0000000080100000, 0x0000000080100000|100%|HS|  |TAMS 0x0000000080100000, 0x0000000080000000| Complete 
|   1|0x0000000080100000, 0x0000000080200000, 0x0000000080200000|100%|HC|  |TAMS 0x0000000080200000, 0x0000000080100000| Complete 
|   2|0x0000000080200000, 0x0000000080300000, 0x0000000080300000|100%|HC|  |TAMS 0x0000000080300000, 0x0000000080200000| Complete 
|   3|0x0000000080300000, 0x0000000080400000, 0x0000000080400000|100%|HC|  |TAMS 0x0000000080400000, 0x0000000080300000| Complete 
|   4|0x0000000080400000, 0x0000000080500000, 0x0000000080500000|100%| O|  |TAMS 0x0000000080500000, 0x0000000080400000| Untracked 
|   5|0x0000000080500000, 0x0000000080600000, 0x0000000080600000|100%| O|  |TAMS 0x0000000080600000, 0x0000000080500000| Untracked 
|   6|0x0000000080600000, 0x0000000080700000, 0x0000000080700000|100%| O|  |TAMS 0x0000000080700000, 0x0000000080600000| Untracked 
|   7|0x0000000080700000, 0x0000000080800000, 0x0000000080800000|100%| O|  |TAMS 0x0000000080800000, 0x0000000080700000| Untracked 
|   8|0x0000000080800000, 0x0000000080900000, 0x0000000080900000|100%| O|  |TAMS 0x0000000080900000, 0x0000000080800000| Untracked 
|   9|0x0000000080900000, 0x0000000080a00000, 0x0000000080a00000|100%| O|  |TAMS 0x0000000080a00000, 0x0000000080900000| Untracked 
|  10|0x0000000080a00000, 0x0000000080b00000, 0x0000000080b00000|100%| O|  |TAMS 0x0000000080b00000, 0x0000000080a00000| Untracked 
|  11|0x0000000080b00000, 0x0000000080c00000, 0x0000000080c00000|100%| O|  |TAMS 0x0000000080c00000, 0x0000000080b00000| Untracked 
|  12|0x0000000080c00000, 0x0000000080d00000, 0x0000000080d00000|100%| O|  |TAMS 0x0000000080d00000, 0x0000000080c00000| Untracked 
|  13|0x0000000080d00000, 0x0000000080e00000, 0x0000000080e00000|100%| O|  |TAMS 0x0000000080e00000, 0x0000000080d00000| Untracked 
|  14|0x0000000080e00000, 0x0000000080f00000, 0x0000000080f00000|100%| O|  |TAMS 0x0000000080f00000, 0x0000000080e00000| Untracked 
|  15|0x0000000080f00000, 0x0000000081000000, 0x0000000081000000|100%| O|  |TAMS 0x0000000081000000, 0x0000000080f00000| Untracked 
|  16|0x0000000081000000, 0x0000000081100000, 0x0000000081100000|100%| O|  |TAMS 0x0000000081100000, 0x0000000081000000| Untracked 
|  17|0x0000000081100000, 0x0000000081200000, 0x0000000081200000|100%| O|  |TAMS 0x0000000081200000, 0x0000000081100000| Untracked 
|  18|0x0000000081200000, 0x0000000081300000, 0x0000000081300000|100%| O|  |TAMS 0x0000000081300000, 0x0000000081200000| Untracked 
|  19|0x0000000081300000, 0x0000000081400000, 0x0000000081400000|100%| O|  |TAMS 0x0000000081400000, 0x0000000081300000| Untracked 
|  20|0x0000000081400000, 0x0000000081500000, 0x0000000081500000|100%| O|  |TAMS 0x0000000081500000, 0x0000000081400000| Untracked 
|  21|0x0000000081500000, 0x0000000081600000, 0x0000000081600000|100%| O|  |TAMS 0x0000000081600000, 0x0000000081500000| Untracked 
|  22|0x0000000081600000, 0x0000000081700000, 0x0000000081700000|100%| O|  |TAMS 0x0000000081700000, 0x0000000081600000| Untracked 
|  23|0x0000000081700000, 0x0000000081800000, 0x0000000081800000|100%| O|  |TAMS 0x0000000081800000, 0x0000000081700000| Untracked 
|  24|0x0000000081800000, 0x0000000081900000, 0x0000000081900000|100%| O|  |TAMS 0x0000000081900000, 0x0000000081800000| Untracked 
|  25|0x0000000081900000, 0x0000000081a00000, 0x0000000081a00000|100%| O|  |TAMS 0x0000000081a00000, 0x0000000081900000| Untracked 
|  26|0x0000000081a00000, 0x0000000081b00000, 0x0000000081b00000|100%| O|  |TAMS 0x0000000081b00000, 0x0000000081a00000| Untracked 
|  27|0x0000000081b00000, 0x0000000081c00000, 0x0000000081c00000|100%| O|  |TAMS 0x0000000081c00000, 0x0000000081b00000| Untracked 
|  28|0x0000000081c00000, 0x0000000081d00000, 0x0000000081d00000|100%| O|  |TAMS 0x0000000081d00000, 0x0000000081c00000| Untracked 
|  29|0x0000000081d00000, 0x0000000081e00000, 0x0000000081e00000|100%| O|  |TAMS 0x0000000081e00000, 0x0000000081d00000| Untracked 
|  30|0x0000000081e00000, 0x0000000081f00000, 0x0000000081f00000|100%| O|  |TAMS 0x0000000081f00000, 0x0000000081e00000| Untracked 
|  31|0x0000000081f00000, 0x0000000082000000, 0x0000000082000000|100%| O|  |TAMS 0x0000000082000000, 0x0000000081f00000| Untracked 
|  32|0x0000000082000000, 0x0000000082100000, 0x0000000082100000|100%| O|  |TAMS 0x0000000082100000, 0x0000000082000000| Untracked 
|  33|0x0000000082100000, 0x0000000082200000, 0x0000000082200000|100%| O|  |TAMS 0x0000000082200000, 0x0000000082100000| Untracked 
|  34|0x0000000082200000, 0x0000000082300000, 0x0000000082300000|100%|HS|  |TAMS 0x0000000082300000, 0x0000000082200000| Complete 
|  35|0x0000000082300000, 0x0000000082400000, 0x0000000082400000|100%|HS|  |TAMS 0x0000000082400000, 0x0000000082300000| Complete 
|  36|0x0000000082400000, 0x0000000082500000, 0x0000000082500000|100%| O|  |TAMS 0x0000000082500000, 0x0000000082400000| Untracked 
|  37|0x0000000082500000, 0x0000000082600000, 0x0000000082600000|100%| O|  |TAMS 0x0000000082600000, 0x0000000082500000| Untracked 
|  38|0x0000000082600000, 0x0000000082700000, 0x0000000082700000|100%| O|  |TAMS 0x0000000082700000, 0x0000000082600000| Untracked 
|  39|0x0000000082700000, 0x0000000082800000, 0x0000000082800000|100%| O|  |TAMS 0x0000000082800000, 0x0000000082700000| Untracked 
|  40|0x0000000082800000, 0x0000000082900000, 0x0000000082900000|100%| O|  |TAMS 0x0000000082900000, 0x0000000082800000| Untracked 
|  41|0x0000000082900000, 0x0000000082a00000, 0x0000000082a00000|100%| O|  |TAMS 0x0000000082a00000, 0x0000000082900000| Untracked 
|  42|0x0000000082a00000, 0x0000000082b00000, 0x0000000082b00000|100%| O|  |TAMS 0x0000000082b00000, 0x0000000082a00000| Untracked 
|  43|0x0000000082b00000, 0x0000000082c00000, 0x0000000082c00000|100%| O|  |TAMS 0x0000000082c00000, 0x0000000082b00000| Untracked 
|  44|0x0000000082c00000, 0x0000000082d00000, 0x0000000082d00000|100%| O|  |TAMS 0x0000000082d00000, 0x0000000082c00000| Untracked 
|  45|0x0000000082d00000, 0x0000000082e00000, 0x0000000082e00000|100%| O|  |TAMS 0x0000000082e00000, 0x0000000082d00000| Untracked 
|  46|0x0000000082e00000, 0x0000000082f00000, 0x0000000082f00000|100%| O|  |TAMS 0x0000000082f00000, 0x0000000082e00000| Untracked 
|  47|0x0000000082f00000, 0x0000000083000000, 0x0000000083000000|100%| O|  |TAMS 0x0000000083000000, 0x0000000082f00000| Untracked 
|  48|0x0000000083000000, 0x0000000083100000, 0x0000000083100000|100%| O|  |TAMS 0x0000000083100000, 0x0000000083000000| Untracked 
|  49|0x0000000083100000, 0x0000000083200000, 0x0000000083200000|100%| O|  |TAMS 0x0000000083200000, 0x0000000083100000| Untracked 
|  50|0x0000000083200000, 0x0000000083300000, 0x0000000083300000|100%| O|  |TAMS 0x0000000083300000, 0x0000000083200000| Untracked 
|  51|0x0000000083300000, 0x0000000083400000, 0x0000000083400000|100%| O|  |TAMS 0x0000000083300000, 0x0000000083300000| Untracked 
|  52|0x0000000083400000, 0x0000000083500000, 0x0000000083500000|100%| O|  |TAMS 0x0000000083500000, 0x0000000083400000| Untracked 
|  53|0x0000000083500000, 0x0000000083600000, 0x0000000083600000|100%| O|  |TAMS 0x0000000083600000, 0x0000000083500000| Untracked 
|  54|0x0000000083600000, 0x0000000083700000, 0x0000000083700000|100%| O|  |TAMS 0x0000000083700000, 0x0000000083600000| Untracked 
|  55|0x0000000083700000, 0x0000000083800000, 0x0000000083800000|100%| O|  |TAMS 0x0000000083800000, 0x0000000083700000| Untracked 
|  56|0x0000000083800000, 0x0000000083900000, 0x0000000083900000|100%| O|  |TAMS 0x0000000083900000, 0x0000000083800000| Untracked 
|  57|0x0000000083900000, 0x0000000083a00000, 0x0000000083a00000|100%| O|  |TAMS 0x0000000083a00000, 0x0000000083900000| Untracked 
|  58|0x0000000083a00000, 0x0000000083b00000, 0x0000000083b00000|100%| O|  |TAMS 0x0000000083b00000, 0x0000000083a00000| Untracked 
|  59|0x0000000083b00000, 0x0000000083c00000, 0x0000000083c00000|100%| O|  |TAMS 0x0000000083c00000, 0x0000000083b00000| Untracked 
|  60|0x0000000083c00000, 0x0000000083d00000, 0x0000000083d00000|100%| O|  |TAMS 0x0000000083d00000, 0x0000000083c00000| Untracked 
|  61|0x0000000083d00000, 0x0000000083e00000, 0x0000000083e00000|100%| O|  |TAMS 0x0000000083e00000, 0x0000000083d00000| Untracked 
|  62|0x0000000083e00000, 0x0000000083f00000, 0x0000000083f00000|100%| O|  |TAMS 0x0000000083f00000, 0x0000000083e00000| Untracked 
|  63|0x0000000083f00000, 0x0000000084000000, 0x0000000084000000|100%| O|  |TAMS 0x0000000083f00000, 0x0000000083f00000| Untracked 
|  64|0x0000000084000000, 0x0000000084100000, 0x0000000084100000|100%| O|  |TAMS 0x0000000084100000, 0x0000000084000000| Untracked 
|  65|0x0000000084100000, 0x0000000084200000, 0x0000000084200000|100%| O|  |TAMS 0x0000000084200000, 0x0000000084100000| Untracked 
|  66|0x0000000084200000, 0x0000000084300000, 0x0000000084300000|100%| O|  |TAMS 0x0000000084300000, 0x0000000084200000| Untracked 
|  67|0x0000000084300000, 0x0000000084400000, 0x0000000084400000|100%| O|  |TAMS 0x0000000084400000, 0x0000000084300000| Untracked 
|  68|0x0000000084400000, 0x0000000084500000, 0x0000000084500000|100%| O|  |TAMS 0x0000000084500000, 0x0000000084400000| Untracked 
|  69|0x0000000084500000, 0x0000000084600000, 0x0000000084600000|100%| O|  |TAMS 0x0000000084600000, 0x0000000084500000| Untracked 
|  70|0x0000000084600000, 0x0000000084700000, 0x0000000084700000|100%| O|  |TAMS 0x0000000084700000, 0x0000000084600000| Untracked 
|  71|0x0000000084700000, 0x0000000084800000, 0x0000000084800000|100%| O|  |TAMS 0x0000000084728800, 0x0000000084700000| Untracked 
|  72|0x0000000084800000, 0x0000000084900000, 0x0000000084900000|100%| O|  |TAMS 0x0000000084800000, 0x0000000084800000| Untracked 
|  73|0x0000000084900000, 0x0000000084a00000, 0x0000000084a00000|100%| O|  |TAMS 0x0000000084900000, 0x0000000084900000| Untracked 
|  74|0x0000000084a00000, 0x0000000084b00000, 0x0000000084b00000|100%| O|  |TAMS 0x0000000084a00000, 0x0000000084a00000| Untracked 
|  75|0x0000000084b00000, 0x0000000084c00000, 0x0000000084c00000|100%| O|  |TAMS 0x0000000084b00000, 0x0000000084b00000| Untracked 
|  76|0x0000000084c00000, 0x0000000084d00000, 0x0000000084d00000|100%| O|  |TAMS 0x0000000084c00000, 0x0000000084c00000| Untracked 
|  77|0x0000000084d00000, 0x0000000084e00000, 0x0000000084e00000|100%| O|  |TAMS 0x0000000084d00000, 0x0000000084d00000| Untracked 
|  78|0x0000000084e00000, 0x0000000084f00000, 0x0000000084f00000|100%| O|  |TAMS 0x0000000084e00000, 0x0000000084e00000| Untracked 
|  79|0x0000000084f00000, 0x0000000085000000, 0x0000000085000000|100%| O|  |TAMS 0x0000000084f00000, 0x0000000084f00000| Untracked 
|  80|0x0000000085000000, 0x0000000085100000, 0x0000000085100000|100%| O|  |TAMS 0x0000000085000000, 0x0000000085000000| Untracked 
|  81|0x0000000085100000, 0x0000000085200000, 0x0000000085200000|100%| O|  |TAMS 0x0000000085100000, 0x0000000085100000| Untracked 
|  82|0x0000000085200000, 0x0000000085300000, 0x0000000085300000|100%| O|  |TAMS 0x0000000085200000, 0x0000000085200000| Untracked 
|  83|0x0000000085300000, 0x0000000085400000, 0x0000000085400000|100%| O|  |TAMS 0x0000000085300000, 0x0000000085300000| Untracked 
|  84|0x0000000085400000, 0x0000000085500000, 0x0000000085500000|100%| O|  |TAMS 0x0000000085400000, 0x0000000085400000| Untracked 
|  85|0x0000000085500000, 0x0000000085600000, 0x0000000085600000|100%| O|  |TAMS 0x0000000085500000, 0x0000000085500000| Untracked 
|  86|0x0000000085600000, 0x0000000085700000, 0x0000000085700000|100%| O|  |TAMS 0x0000000085600000, 0x0000000085600000| Untracked 
|  87|0x0000000085700000, 0x0000000085800000, 0x0000000085800000|100%|HS|  |TAMS 0x0000000085700000, 0x0000000085700000| Complete 
|  88|0x0000000085800000, 0x0000000085900000, 0x0000000085900000|100%|HC|  |TAMS 0x0000000085800000, 0x0000000085800000| Complete 
|  89|0x0000000085900000, 0x0000000085a00000, 0x0000000085a00000|100%| O|  |TAMS 0x0000000085900000, 0x0000000085900000| Untracked 
|  90|0x0000000085a00000, 0x0000000085b00000, 0x0000000085b00000|100%| O|  |TAMS 0x0000000085a00000, 0x0000000085a00000| Untracked 
|  91|0x0000000085b00000, 0x0000000085c00000, 0x0000000085c00000|100%| O|  |TAMS 0x0000000085b00000, 0x0000000085b00000| Untracked 
|  92|0x0000000085c00000, 0x0000000085d00000, 0x0000000085d00000|100%| O|  |TAMS 0x0000000085c00000, 0x0000000085c00000| Untracked 
|  93|0x0000000085d00000, 0x0000000085e00000, 0x0000000085e00000|100%| O|  |TAMS 0x0000000085d00000, 0x0000000085d00000| Untracked 
|  94|0x0000000085e00000, 0x0000000085f00000, 0x0000000085f00000|100%| O|  |TAMS 0x0000000085e00000, 0x0000000085e00000| Untracked 
|  95|0x0000000085f00000, 0x0000000086000000, 0x0000000086000000|100%| O|  |TAMS 0x0000000085f00000, 0x0000000085f00000| Untracked 
|  96|0x0000000086000000, 0x0000000086100000, 0x0000000086100000|100%| O|  |TAMS 0x0000000086000000, 0x0000000086000000| Untracked 
|  97|0x0000000086100000, 0x0000000086200000, 0x0000000086200000|100%| O|  |TAMS 0x0000000086100000, 0x0000000086100000| Untracked 
|  98|0x0000000086200000, 0x0000000086300000, 0x0000000086300000|100%| O|  |TAMS 0x0000000086200000, 0x0000000086200000| Untracked 
|  99|0x0000000086300000, 0x0000000086400000, 0x0000000086400000|100%| O|  |TAMS 0x0000000086300000, 0x0000000086300000| Untracked 
| 100|0x0000000086400000, 0x0000000086500000, 0x0000000086500000|100%| O|  |TAMS 0x0000000086400000, 0x0000000086400000| Untracked 
| 101|0x0000000086500000, 0x0000000086600000, 0x0000000086600000|100%| O|  |TAMS 0x0000000086500000, 0x0000000086500000| Untracked 
| 102|0x0000000086600000, 0x0000000086700000, 0x0000000086700000|100%| O|  |TAMS 0x0000000086600000, 0x0000000086600000| Untracked 
| 103|0x0000000086700000, 0x0000000086800000, 0x0000000086800000|100%| O|  |TAMS 0x0000000086700000, 0x0000000086700000| Untracked 
| 104|0x0000000086800000, 0x0000000086900000, 0x0000000086900000|100%| O|  |TAMS 0x0000000086800000, 0x0000000086800000| Untracked 
| 105|0x0000000086900000, 0x0000000086a00000, 0x0000000086a00000|100%| O|  |TAMS 0x0000000086900000, 0x0000000086900000| Untracked 
| 106|0x0000000086a00000, 0x0000000086b00000, 0x0000000086b00000|100%| O|  |TAMS 0x0000000086a00000, 0x0000000086a00000| Untracked 
| 107|0x0000000086b00000, 0x0000000086c00000, 0x0000000086c00000|100%| O|  |TAMS 0x0000000086b00000, 0x0000000086b00000| Untracked 
| 108|0x0000000086c00000, 0x0000000086d00000, 0x0000000086d00000|100%| O|  |TAMS 0x0000000086c00000, 0x0000000086c00000| Untracked 
| 109|0x0000000086d00000, 0x0000000086e00000, 0x0000000086e00000|100%| O|  |TAMS 0x0000000086d00000, 0x0000000086d00000| Untracked 
| 110|0x0000000086e00000, 0x0000000086f00000, 0x0000000086f00000|100%| O|  |TAMS 0x0000000086e00000, 0x0000000086e00000| Untracked 
| 111|0x0000000086f00000, 0x0000000086ff4800, 0x0000000087000000| 95%| O|  |TAMS 0x0000000086f00000, 0x0000000086f00000| Untracked 
| 112|0x0000000087000000, 0x0000000087100000, 0x0000000087100000|100%|HS|  |TAMS 0x0000000087000000, 0x0000000087000000| Complete 
| 113|0x0000000087100000, 0x0000000087100000, 0x0000000087200000|  0%| F|  |TAMS 0x0000000087100000, 0x0000000087100000| Untracked 
| 114|0x0000000087200000, 0x0000000087200000, 0x0000000087300000|  0%| F|  |TAMS 0x0000000087200000, 0x0000000087200000| Untracked 
| 115|0x0000000087300000, 0x0000000087300000, 0x0000000087400000|  0%| F|  |TAMS 0x0000000087300000, 0x0000000087300000| Untracked 
| 116|0x0000000087400000, 0x0000000087400000, 0x0000000087500000|  0%| F|  |TAMS 0x0000000087400000, 0x0000000087400000| Untracked 
| 117|0x0000000087500000, 0x0000000087500000, 0x0000000087600000|  0%| F|  |TAMS 0x0000000087500000, 0x0000000087500000| Untracked 
| 118|0x0000000087600000, 0x0000000087600000, 0x0000000087700000|  0%| F|  |TAMS 0x0000000087600000, 0x0000000087600000| Untracked 
| 119|0x0000000087700000, 0x0000000087700000, 0x0000000087800000|  0%| F|  |TAMS 0x0000000087700000, 0x0000000087700000| Untracked 
| 120|0x0000000087800000, 0x0000000087800000, 0x0000000087900000|  0%| F|  |TAMS 0x0000000087800000, 0x0000000087800000| Untracked 
| 121|0x0000000087900000, 0x0000000087900000, 0x0000000087a00000|  0%| F|  |TAMS 0x0000000087900000, 0x0000000087900000| Untracked 
| 122|0x0000000087a00000, 0x0000000087a00000, 0x0000000087b00000|  0%| F|  |TAMS 0x0000000087a00000, 0x0000000087a00000| Untracked 
| 123|0x0000000087b00000, 0x0000000087b00000, 0x0000000087c00000|  0%| F|  |TAMS 0x0000000087b00000, 0x0000000087b00000| Untracked 
| 124|0x0000000087c00000, 0x0000000087c00000, 0x0000000087d00000|  0%| F|  |TAMS 0x0000000087c00000, 0x0000000087c00000| Untracked 
| 125|0x0000000087d00000, 0x0000000087d00000, 0x0000000087e00000|  0%| F|  |TAMS 0x0000000087d00000, 0x0000000087d00000| Untracked 
| 126|0x0000000087e00000, 0x0000000087e00000, 0x0000000087f00000|  0%| F|  |TAMS 0x0000000087e00000, 0x0000000087e00000| Untracked 
| 127|0x0000000087f00000, 0x0000000087f00000, 0x0000000088000000|  0%| F|  |TAMS 0x0000000087f00000, 0x0000000087f00000| Untracked 
| 128|0x0000000088000000, 0x0000000088000000, 0x0000000088100000|  0%| F|  |TAMS 0x0000000088000000, 0x0000000088000000| Untracked 
| 129|0x0000000088100000, 0x0000000088100000, 0x0000000088200000|  0%| F|  |TAMS 0x0000000088100000, 0x0000000088100000| Untracked 
| 130|0x0000000088200000, 0x0000000088200000, 0x0000000088300000|  0%| F|  |TAMS 0x0000000088200000, 0x0000000088200000| Untracked 
| 131|0x0000000088300000, 0x0000000088300000, 0x0000000088400000|  0%| F|  |TAMS 0x0000000088300000, 0x0000000088300000| Untracked 
| 132|0x0000000088400000, 0x0000000088400000, 0x0000000088500000|  0%| F|  |TAMS 0x0000000088400000, 0x0000000088400000| Untracked 
| 133|0x0000000088500000, 0x0000000088500000, 0x0000000088600000|  0%| F|  |TAMS 0x0000000088500000, 0x0000000088500000| Untracked 
| 134|0x0000000088600000, 0x0000000088600000, 0x0000000088700000|  0%| F|  |TAMS 0x0000000088600000, 0x0000000088600000| Untracked 
| 135|0x0000000088700000, 0x00000000887f6b00, 0x0000000088800000| 96%| S|CS|TAMS 0x0000000088700000, 0x0000000088700000| Complete 
| 136|0x0000000088800000, 0x000000008889b2e0, 0x0000000088900000| 60%| E|  |TAMS 0x0000000088800000, 0x0000000088800000| Complete 
| 137|0x0000000088900000, 0x0000000088a00000, 0x0000000088a00000|100%| E|CS|TAMS 0x0000000088900000, 0x0000000088900000| Complete 
| 138|0x0000000088a00000, 0x0000000088b00000, 0x0000000088b00000|100%| E|CS|TAMS 0x0000000088a00000, 0x0000000088a00000| Complete 
| 139|0x0000000088b00000, 0x0000000088c00000, 0x0000000088c00000|100%| E|CS|TAMS 0x0000000088b00000, 0x0000000088b00000| Complete 
| 140|0x0000000088c00000, 0x0000000088d00000, 0x0000000088d00000|100%| E|CS|TAMS 0x0000000088c00000, 0x0000000088c00000| Complete 
| 141|0x0000000088d00000, 0x0000000088e00000, 0x0000000088e00000|100%| E|CS|TAMS 0x0000000088d00000, 0x0000000088d00000| Complete 
| 142|0x0000000088e00000, 0x0000000088f00000, 0x0000000088f00000|100%| E|CS|TAMS 0x0000000088e00000, 0x0000000088e00000| Complete 
| 143|0x0000000088f00000, 0x0000000089000000, 0x0000000089000000|100%| E|CS|TAMS 0x0000000088f00000, 0x0000000088f00000| Complete 
| 144|0x0000000089000000, 0x0000000089100000, 0x0000000089100000|100%| E|  |TAMS 0x0000000089000000, 0x0000000089000000| Complete 
| 145|0x0000000089100000, 0x0000000089200000, 0x0000000089200000|100%| E|CS|TAMS 0x0000000089100000, 0x0000000089100000| Complete 
| 146|0x0000000089200000, 0x0000000089300000, 0x0000000089300000|100%| E|CS|TAMS 0x0000000089200000, 0x0000000089200000| Complete 
| 147|0x0000000089300000, 0x0000000089400000, 0x0000000089400000|100%| E|CS|TAMS 0x0000000089300000, 0x0000000089300000| Complete 
| 148|0x0000000089400000, 0x0000000089500000, 0x0000000089500000|100%| E|CS|TAMS 0x0000000089400000, 0x0000000089400000| Complete 
| 149|0x0000000089500000, 0x0000000089600000, 0x0000000089600000|100%| E|CS|TAMS 0x0000000089500000, 0x0000000089500000| Complete 
| 150|0x0000000089600000, 0x0000000089700000, 0x0000000089700000|100%| E|CS|TAMS 0x0000000089600000, 0x0000000089600000| Complete 
| 151|0x0000000089700000, 0x0000000089800000, 0x0000000089800000|100%| E|CS|TAMS 0x0000000089700000, 0x0000000089700000| Complete 
| 152|0x0000000089800000, 0x0000000089900000, 0x0000000089900000|100%| E|CS|TAMS 0x0000000089800000, 0x0000000089800000| Complete 
| 153|0x0000000089900000, 0x0000000089a00000, 0x0000000089a00000|100%| E|CS|TAMS 0x0000000089900000, 0x0000000089900000| Complete 
| 154|0x0000000089a00000, 0x0000000089b00000, 0x0000000089b00000|100%| E|CS|TAMS 0x0000000089a00000, 0x0000000089a00000| Complete 

Card table byte_map: [0x00000281b22b0000,0x00000281b26b0000] _byte_map_base: 0x00000281b1eb0000

Marking Bits (Prev, Next): (CMBitMap*) 0x000002819f71a8e0, (CMBitMap*) 0x000002819f71a8a0
 Prev Bits: [0x00000281b4ab0000, 0x00000281b6ab0000)
 Next Bits: [0x00000281b2ab0000, 0x00000281b4ab0000)

Polling page: 0x000002819d560000

Metaspace:

Usage:
  Non-class:     98.84 MB used.
      Class:     15.75 MB used.
       Both:    114.59 MB used.

Virtual space:
  Non-class space:      104.00 MB reserved,      99.25 MB ( 95%) committed,  13 nodes.
      Class space:        1.00 GB reserved,      16.06 MB (  2%) committed,  1 nodes.
             Both:        1.10 GB reserved,     115.31 MB ( 10%) committed. 

Chunk freelists:
   Non-Class:  736.00 KB
       Class:  3.95 MB
        Both:  4.67 MB

MaxMetaspaceSize: unlimited
CompressedClassSpaceSize: 1.00 GB
Initial GC threshold: 21.00 MB
Current GC threshold: 137.75 MB
CDS: off
MetaspaceReclaimPolicy: balanced
 - commit_granule_bytes: 65536.
 - commit_granule_words: 8192.
 - virtual_space_node_default_size: 1048576.
 - enlarge_chunks_in_place: 1.
 - new_chunks_are_fully_committed: 0.
 - uncommit_free_chunks: 1.
 - use_allocation_guard: 0.
 - handle_deallocations: 1.


Internal statistics:

num_allocs_failed_limit: 6.
num_arena_births: 1100.
num_arena_deaths: 0.
num_vsnodes_births: 14.
num_vsnodes_deaths: 0.
num_space_committed: 1845.
num_space_uncommitted: 0.
num_chunks_returned_to_freelist: 6.
num_chunks_taken_from_freelist: 5469.
num_chunk_merges: 6.
num_chunk_splits: 3693.
num_chunks_enlarged: 2547.
num_purges: 0.
num_inconsistent_stats: 0.

CodeHeap 'non-profiled nmethods': size=120000Kb used=8236Kb max_used=8236Kb free=111763Kb
 bounds [0x00000281aa650000, 0x00000281aae60000, 0x00000281b1b80000]
CodeHeap 'profiled nmethods': size=120000Kb used=24808Kb max_used=24808Kb free=95191Kb
 bounds [0x00000281a2b80000, 0x00000281a43c0000, 0x00000281aa0b0000]
CodeHeap 'non-nmethods': size=5760Kb used=2423Kb max_used=2470Kb free=3336Kb
 bounds [0x00000281aa0b0000, 0x00000281aa330000, 0x00000281aa650000]
 total_blobs=14038 nmethods=13074 adapters=876
 compilation: enabled
              stopped_count=0, restarted_count=0
 full_count=0

Compilation events (20 events):
Event: 217.190 Thread 0x00000281ba041fa0 15538       4       com.android.tools.r8.dex.x::f (14 bytes)
Event: 217.195 Thread 0x00000281ba041fa0 nmethod 15538 0x00000281aae56190 code [0x00000281aae56380, 0x00000281aae569f0]
Event: 217.195 Thread 0x00000281ba041fa0 15479       4       com.android.tools.r8.graph.S2::a (19 bytes)
Event: 217.201 Thread 0x00000281ba041fa0 nmethod 15479 0x00000281aae57190 code [0x00000281aae57340, 0x00000281aae57c58]
Event: 217.201 Thread 0x00000281ba041fa0 15515       4       com.android.tools.r8.graph.o5::a (36 bytes)
Event: 217.204 Thread 0x00000281ba041fa0 nmethod 15515 0x00000281aae58090 code [0x00000281aae58220, 0x00000281aae584c8]
Event: 217.204 Thread 0x00000281ba041fa0 15481       4       com.android.tools.r8.graph.R2::c (7 bytes)
Event: 217.204 Thread 0x00000281ba041fa0 nmethod 15481 0x00000281aae58790 code [0x00000281aae58900, 0x00000281aae58998]
Event: 217.204 Thread 0x00000281ba041fa0 15498       4       com.android.tools.r8.graph.S2$$Lambda$2747/0x0000000101002d70::test (8 bytes)
Event: 217.205 Thread 0x00000281ba041fa0 nmethod 15498 0x00000281aae58a90 code [0x00000281aae58c20, 0x00000281aae58cf8]
Event: 217.205 Thread 0x00000281ba041fa0 15521       4       sun.security.provider.SHA::implCompress (13 bytes)
Event: 217.205 Thread 0x00000281ba041fa0 nmethod 15521 0x00000281aae58e10 code [0x00000281aae58fa0, 0x00000281aae590a8]
Event: 217.205 Thread 0x00000281ba041fa0 15510       4       com.android.tools.r8.dex.J$$Lambda$2734/0x0000000101006b18::compare (16 bytes)
Event: 217.211 Thread 0x00000281ba041fa0 nmethod 15510 0x00000281aae59210 code [0x00000281aae59400, 0x00000281aae59b98]
Event: 217.211 Thread 0x00000281ba041fa0 15500       4       com.android.tools.r8.graph.m5::a (26 bytes)
Event: 217.215 Thread 0x00000281ba041fa0 nmethod 15500 0x00000281aae5a290 code [0x00000281aae5a460, 0x00000281aae5aab8]
Event: 217.215 Thread 0x00000281ba041fa0 15490       4       com.android.tools.r8.dex.x::d (8 bytes)
Event: 217.215 Thread 0x00000281ba041fa0 nmethod 15490 0x00000281aae5b010 code [0x00000281aae5b180, 0x00000281aae5b218]
Event: 217.514 Thread 0x00000281ba045f40 15543       3       java.time.Instant::ofEpochMilli (27 bytes)
Event: 217.515 Thread 0x00000281ba045f40 nmethod 15543 0x00000281a43b9d10 code [0x00000281a43b9ee0, 0x00000281a43ba148]

GC Heap History (20 events):
Event: 101.310 GC heap before
{Heap before GC invocations=60 (full 0):
 garbage-first heap   total 158720K, used 128222K [0x0000000080000000, 0x0000000100000000)
  region size 1024K, 50 young (51200K), 7 survivors (7168K)
 Metaspace       used 91967K, committed 92608K, reserved 1130496K
  class space    used 12497K, committed 12800K, reserved 1048576K
}
Event: 101.319 GC heap after
{Heap after GC invocations=61 (full 0):
 garbage-first heap   total 158720K, used 91167K [0x0000000080000000, 0x0000000100000000)
  region size 1024K, 6 young (6144K), 6 survivors (6144K)
 Metaspace       used 91967K, committed 92608K, reserved 1130496K
  class space    used 12497K, committed 12800K, reserved 1048576K
}
Event: 105.558 GC heap before
{Heap before GC invocations=61 (full 0):
 garbage-first heap   total 158720K, used 128031K [0x0000000080000000, 0x0000000100000000)
  region size 1024K, 43 young (44032K), 6 survivors (6144K)
 Metaspace       used 93023K, committed 93632K, reserved 1130496K
  class space    used 12633K, committed 12928K, reserved 1048576K
}
Event: 105.573 GC heap after
{Heap after GC invocations=62 (full 0):
 garbage-first heap   total 158720K, used 90705K [0x0000000080000000, 0x0000000100000000)
  region size 1024K, 2 young (2048K), 2 survivors (2048K)
 Metaspace       used 93023K, committed 93632K, reserved 1130496K
  class space    used 12633K, committed 12928K, reserved 1048576K
}
Event: 139.541 GC heap before
{Heap before GC invocations=62 (full 0):
 garbage-first heap   total 158720K, used 129617K [0x0000000080000000, 0x0000000100000000)
  region size 1024K, 41 young (41984K), 2 survivors (2048K)
 Metaspace       used 97818K, committed 98496K, reserved 1138688K
  class space    used 13295K, committed 13632K, reserved 1048576K
}
Event: 139.546 GC heap after
{Heap after GC invocations=63 (full 0):
 garbage-first heap   total 158720K, used 94336K [0x0000000080000000, 0x0000000100000000)
  region size 1024K, 6 young (6144K), 6 survivors (6144K)
 Metaspace       used 97818K, committed 98496K, reserved 1138688K
  class space    used 13295K, committed 13632K, reserved 1048576K
}
Event: 181.026 GC heap before
{Heap before GC invocations=63 (full 0):
 garbage-first heap   total 158720K, used 131200K [0x0000000080000000, 0x0000000100000000)
  region size 1024K, 41 young (41984K), 6 survivors (6144K)
 Metaspace       used 101025K, committed 101696K, reserved 1138688K
  class space    used 13638K, committed 13952K, reserved 1048576K
}
Event: 181.056 GC heap after
{Heap after GC invocations=64 (full 0):
 garbage-first heap   total 158720K, used 103690K [0x0000000080000000, 0x0000000100000000)
  region size 1024K, 6 young (6144K), 6 survivors (6144K)
 Metaspace       used 101025K, committed 101696K, reserved 1138688K
  class space    used 13638K, committed 13952K, reserved 1048576K
}
Event: 185.794 GC heap before
{Heap before GC invocations=64 (full 0):
 garbage-first heap   total 158720K, used 129290K [0x0000000080000000, 0x0000000100000000)
  region size 1024K, 31 young (31744K), 6 survivors (6144K)
 Metaspace       used 102562K, committed 103296K, reserved 1138688K
  class space    used 13860K, committed 14208K, reserved 1048576K
}
Event: 185.801 GC heap after
{Heap after GC invocations=65 (full 0):
 garbage-first heap   total 158720K, used 105325K [0x0000000080000000, 0x0000000100000000)
  region size 1024K, 3 young (3072K), 3 survivors (3072K)
 Metaspace       used 102562K, committed 103296K, reserved 1138688K
  class space    used 13860K, committed 14208K, reserved 1048576K
}
Event: 197.368 GC heap before
{Heap before GC invocations=65 (full 0):
 garbage-first heap   total 158720K, used 130925K [0x0000000080000000, 0x0000000100000000)
  region size 1024K, 27 young (27648K), 3 survivors (3072K)
 Metaspace       used 106171K, committed 106880K, reserved 1146880K
  class space    used 14393K, committed 14720K, reserved 1048576K
}
Event: 197.374 GC heap after
{Heap after GC invocations=66 (full 0):
 garbage-first heap   total 158720K, used 107662K [0x0000000080000000, 0x0000000100000000)
  region size 1024K, 3 young (3072K), 3 survivors (3072K)
 Metaspace       used 106171K, committed 106880K, reserved 1146880K
  class space    used 14393K, committed 14720K, reserved 1048576K
}
Event: 200.914 GC heap before
{Heap before GC invocations=66 (full 0):
 garbage-first heap   total 158720K, used 131214K [0x0000000080000000, 0x0000000100000000)
  region size 1024K, 26 young (26624K), 3 survivors (3072K)
 Metaspace       used 108731K, committed 109440K, reserved 1146880K
  class space    used 14786K, committed 15104K, reserved 1048576K
}
Event: 200.935 GC heap after
{Heap after GC invocations=67 (full 0):
 garbage-first heap   total 158720K, used 113511K [0x0000000080000000, 0x0000000100000000)
  region size 1024K, 4 young (4096K), 4 survivors (4096K)
 Metaspace       used 108731K, committed 109440K, reserved 1146880K
  class space    used 14786K, committed 15104K, reserved 1048576K
}
Event: 203.719 GC heap before
{Heap before GC invocations=67 (full 0):
 garbage-first heap   total 158720K, used 131943K [0x0000000080000000, 0x0000000100000000)
  region size 1024K, 22 young (22528K), 4 survivors (4096K)
 Metaspace       used 111866K, committed 112576K, reserved 1146880K
  class space    used 15285K, committed 15616K, reserved 1048576K
}
Event: 203.728 GC heap after
{Heap after GC invocations=68 (full 0):
 garbage-first heap   total 158720K, used 115116K [0x0000000080000000, 0x0000000100000000)
  region size 1024K, 2 young (2048K), 2 survivors (2048K)
 Metaspace       used 111866K, committed 112576K, reserved 1146880K
  class space    used 15285K, committed 15616K, reserved 1048576K
}
Event: 208.153 GC heap before
{Heap before GC invocations=68 (full 0):
 garbage-first heap   total 158720K, used 132524K [0x0000000080000000, 0x0000000100000000)
  region size 1024K, 20 young (20480K), 2 survivors (2048K)
 Metaspace       used 114378K, committed 115136K, reserved 1155072K
  class space    used 15664K, committed 16000K, reserved 1048576K
}
Event: 208.159 GC heap after
{Heap after GC invocations=69 (full 0):
 garbage-first heap   total 158720K, used 115425K [0x0000000080000000, 0x0000000100000000)
  region size 1024K, 2 young (2048K), 2 survivors (2048K)
 Metaspace       used 114378K, committed 115136K, reserved 1155072K
  class space    used 15664K, committed 16000K, reserved 1048576K
}
Event: 211.874 GC heap before
{Heap before GC invocations=69 (full 0):
 garbage-first heap   total 158720K, used 133857K [0x0000000080000000, 0x0000000100000000)
  region size 1024K, 21 young (21504K), 2 survivors (2048K)
 Metaspace       used 115370K, committed 116160K, reserved 1155072K
  class space    used 15777K, committed 16128K, reserved 1048576K
}
Event: 211.884 GC heap after
{Heap after GC invocations=70 (full 0):
 garbage-first heap   total 158720K, used 115628K [0x0000000080000000, 0x0000000100000000)
  region size 1024K, 1 young (1024K), 1 survivors (1024K)
 Metaspace       used 115370K, committed 116160K, reserved 1155072K
  class space    used 15777K, committed 16128K, reserved 1048576K
}

Dll operation events (2 events):
Event: 0.016 Loaded shared library C:\Program Files\Android\Android Studio1\jbr\bin\java.dll
Event: 1.063 Loaded shared library C:\Program Files\Android\Android Studio1\jbr\bin\verify.dll

Deoptimization events (20 events):
Event: 217.146 Thread 0x00000281bfa11a40 DEOPT UNPACKING pc=0x00000281aa1069a3 sp=0x000000c96ccfca08 mode 2
Event: 217.146 Thread 0x00000281bfa0e080 DEOPT UNPACKING pc=0x00000281aa1069a3 sp=0x000000c96cffcbb8 mode 2
Event: 217.146 Thread 0x00000281bfa158d0 DEOPT PACKING pc=0x00000281aae400d8 sp=0x000000c96cefc8c0
Event: 217.146 Thread 0x00000281bfa158d0 DEOPT UNPACKING pc=0x00000281aa1069a3 sp=0x000000c96cefc818 mode 2
Event: 217.149 Thread 0x00000281bfa11a40 Uncommon trap: trap_request=0xffffffde fr.pc=0x00000281aae33738 relative=0x00000000000003d8
Event: 217.149 Thread 0x00000281bfa11a40 Uncommon trap: reason=class_check action=maybe_recompile pc=0x00000281aae33738 method=com.android.tools.r8.utils.structural.g.a(Lcom/android/tools/r8/graph/q2;Lcom/android/tools/r8/graph/q2;)I @ 12 c2
Event: 217.149 Thread 0x00000281bfa11a40 DEOPT PACKING pc=0x00000281aae33738 sp=0x000000c96ccfcb00
Event: 217.149 Thread 0x00000281bfa11a40 DEOPT UNPACKING pc=0x00000281aa1069a3 sp=0x000000c96ccfcab8 mode 2
Event: 217.149 Thread 0x00000281bfa11a40 Uncommon trap: trap_request=0xffffffde fr.pc=0x00000281aae33738 relative=0x00000000000003d8
Event: 217.149 Thread 0x00000281bfa11a40 Uncommon trap: reason=class_check action=maybe_recompile pc=0x00000281aae33738 method=com.android.tools.r8.utils.structural.g.a(Lcom/android/tools/r8/graph/q2;Lcom/android/tools/r8/graph/q2;)I @ 12 c2
Event: 217.149 Thread 0x00000281bfa11a40 DEOPT PACKING pc=0x00000281aae33738 sp=0x000000c96ccfcb00
Event: 217.149 Thread 0x00000281bfa11a40 DEOPT UNPACKING pc=0x00000281aa1069a3 sp=0x000000c96ccfcab8 mode 2
Event: 217.149 Thread 0x00000281bfa11a40 Uncommon trap: trap_request=0xffffffde fr.pc=0x00000281aae33738 relative=0x00000000000003d8
Event: 217.149 Thread 0x00000281bfa11a40 Uncommon trap: reason=class_check action=maybe_recompile pc=0x00000281aae33738 method=com.android.tools.r8.utils.structural.g.a(Lcom/android/tools/r8/graph/q2;Lcom/android/tools/r8/graph/q2;)I @ 12 c2
Event: 217.149 Thread 0x00000281bfa11a40 DEOPT PACKING pc=0x00000281aae33738 sp=0x000000c96ccfcb00
Event: 217.149 Thread 0x00000281bfa11a40 DEOPT UNPACKING pc=0x00000281aa1069a3 sp=0x000000c96ccfcab8 mode 2
Event: 217.149 Thread 0x00000281bfa11a40 Uncommon trap: trap_request=0xffffffde fr.pc=0x00000281aae33738 relative=0x00000000000003d8
Event: 217.149 Thread 0x00000281bfa11a40 Uncommon trap: reason=class_check action=maybe_recompile pc=0x00000281aae33738 method=com.android.tools.r8.utils.structural.g.a(Lcom/android/tools/r8/graph/q2;Lcom/android/tools/r8/graph/q2;)I @ 12 c2
Event: 217.149 Thread 0x00000281bfa11a40 DEOPT PACKING pc=0x00000281aae33738 sp=0x000000c96ccfcb00
Event: 217.149 Thread 0x00000281bfa11a40 DEOPT UNPACKING pc=0x00000281aa1069a3 sp=0x000000c96ccfcab8 mode 2

Classes unloaded (0 events):
No events

Classes redefined (0 events):
No events

Internal exceptions (20 events):
Event: 211.865 Thread 0x00000281bfa158d0 Exception <a 'java/lang/NoSuchMethodError'{0x0000000088892328}: 'java.lang.Object java.lang.invoke.DirectMethodHandle$Holder.newInvokeSpecial(java.lang.Object, java.lang.Object, int, java.lang.Object, java.lang.Object, java.lang.Object)'> (0x0000000088892328) 
thrown [s\src\hotspot\share\interpreter\linkResolver.cpp, line 771]
Event: 211.865 Thread 0x00000281bfa11a40 Exception <a 'java/lang/NoSuchMethodError'{0x00000000888661c0}: 'java.lang.Object java.lang.invoke.DirectMethodHandle$Holder.newInvokeSpecial(java.lang.Object, java.lang.Object, int, java.lang.Object, java.lang.Object, java.lang.Object)'> (0x00000000888661c0) 
thrown [s\src\hotspot\share\interpreter\linkResolver.cpp, line 771]
Event: 211.865 Thread 0x00000281bfa0fd60 Exception <a 'java/lang/NoSuchMethodError'{0x00000000888b8080}: 'java.lang.Object java.lang.invoke.DirectMethodHandle$Holder.newInvokeSpecial(java.lang.Object, java.lang.Object, int, java.lang.Object, java.lang.Object, java.lang.Object)'> (0x00000000888b8080) 
thrown [s\src\hotspot\share\interpreter\linkResolver.cpp, line 771]
Event: 211.867 Thread 0x00000281bfa158d0 Exception <a 'java/lang/NoSuchMethodError'{0x00000000888da4c0}: 'java.lang.Object java.lang.invoke.Invokers$Holder.linkToTargetMethod(java.lang.Object, int, java.lang.Object, java.lang.Object, java.lang.Object, java.lang.Object)'> (0x00000000888da4c0) 
thrown [s\src\hotspot\share\interpreter\linkResolver.cpp, line 771]
Event: 211.868 Thread 0x00000281bfa11a40 Exception <a 'java/lang/NoSuchMethodError'{0x00000000888c98c0}: 'java.lang.Object java.lang.invoke.Invokers$Holder.linkToTargetMethod(java.lang.Object, int, java.lang.Object, java.lang.Object, java.lang.Object, java.lang.Object)'> (0x00000000888c98c0) 
thrown [s\src\hotspot\share\interpreter\linkResolver.cpp, line 771]
Event: 211.868 Thread 0x00000281bfa0e080 Exception <a 'java/lang/NoSuchMethodError'{0x00000000888a3010}: 'java.lang.Object java.lang.invoke.Invokers$Holder.linkToTargetMethod(java.lang.Object, int, java.lang.Object, java.lang.Object, java.lang.Object, java.lang.Object)'> (0x00000000888a3010) 
thrown [s\src\hotspot\share\interpreter\linkResolver.cpp, line 771]
Event: 211.868 Thread 0x00000281bfa0fd60 Exception <a 'java/lang/NoSuchMethodError'{0x00000000888bf390}: 'java.lang.Object java.lang.invoke.Invokers$Holder.linkToTargetMethod(java.lang.Object, int, java.lang.Object, java.lang.Object, java.lang.Object, java.lang.Object)'> (0x00000000888bf390) 
thrown [s\src\hotspot\share\interpreter\linkResolver.cpp, line 771]
Event: 211.869 Thread 0x00000281bfa11a40 Exception <a 'java/lang/NoSuchMethodError'{0x00000000888cd570}: 'void java.lang.invoke.DirectMethodHandle$Holder.invokeSpecial(java.lang.Object, java.lang.Object, java.lang.Object, int, java.lang.Object, java.lang.Object, java.lang.Object, java.lang.Object)'> (0x00000000888cd570) 
thrown [s\src\hotspot\share\interpreter\linkResolver.cpp, line 771]
Event: 211.869 Thread 0x00000281bfa0fd60 Exception <a 'java/lang/NoSuchMethodError'{0x00000000888c3040}: 'void java.lang.invoke.DirectMethodHandle$Holder.invokeSpecial(java.lang.Object, java.lang.Object, java.lang.Object, int, java.lang.Object, java.lang.Object, java.lang.Object, java.lang.Object)'> (0x00000000888c3040) 
thrown [s\src\hotspot\share\interpreter\linkResolver.cpp, line 771]
Event: 211.941 Thread 0x00000281bfa0e080 Exception <a 'java/lang/NoSuchMethodError'{0x0000000089a2ccc8}: 'void java.lang.invoke.DirectMethodHandle$Holder.invokeStatic(java.lang.Object, java.lang.Object, java.lang.Object, java.lang.Object, java.lang.Object, java.lang.Object, java.lang.Object, java.lang.Object)'> (0x0000000089a2ccc8) 
thrown [s\src\hotspot\share\interpreter\linkResolver.cpp, line 771]
Event: 211.941 Thread 0x00000281bfa158d0 Exception <a 'java/lang/NoSuchMethodError'{0x0000000089a12098}: 'void java.lang.invoke.DirectMethodHandle$Holder.invokeStatic(java.lang.Object, java.lang.Object, java.lang.Object, java.lang.Object, java.lang.Object, java.lang.Object, java.lang.Object, java.lang.Object)'> (0x0000000089a12098) 
thrown [s\src\hotspot\share\interpreter\linkResolver.cpp, line 771]
Event: 211.941 Thread 0x00000281bfa11a40 Exception <a 'java/lang/NoSuchMethodError'{0x0000000089a5f200}: 'void java.lang.invoke.DirectMethodHandle$Holder.invokeStatic(java.lang.Object, java.lang.Object, java.lang.Object, java.lang.Object, java.lang.Object, java.lang.Object, java.lang.Object, java.lang.Object)'> (0x0000000089a5f200) 
thrown [s\src\hotspot\share\interpreter\linkResolver.cpp, line 771]
Event: 211.941 Thread 0x00000281bfa0fd60 Exception <a 'java/lang/NoSuchMethodError'{0x0000000089a494c8}: 'void java.lang.invoke.DirectMethodHandle$Holder.invokeStatic(java.lang.Object, java.lang.Object, java.lang.Object, java.lang.Object, java.lang.Object, java.lang.Object, java.lang.Object, java.lang.Object)'> (0x0000000089a494c8) 
thrown [s\src\hotspot\share\interpreter\linkResolver.cpp, line 771]
Event: 216.078 Thread 0x00000281bfa11a40 Exception <a 'java/lang/IncompatibleClassChangeError'{0x0000000089128fb8}: Found class java.lang.Object, but interface was expected> (0x0000000089128fb8) 
thrown [s\src\hotspot\share\interpreter\linkResolver.cpp, line 838]
Event: 216.078 Thread 0x00000281bfa0fd60 Exception <a 'java/lang/IncompatibleClassChangeError'{0x00000000891355f0}: Found class java.lang.Object, but interface was expected> (0x00000000891355f0) 
thrown [s\src\hotspot\share\interpreter\linkResolver.cpp, line 838]
Event: 216.078 Thread 0x00000281bfa158d0 Exception <a 'java/lang/IncompatibleClassChangeError'{0x00000000892fde60}: Found class java.lang.Object, but interface was expected> (0x00000000892fde60) 
thrown [s\src\hotspot\share\interpreter\linkResolver.cpp, line 838]
Event: 216.953 Thread 0x00000281bfa0fd60 Exception <a 'java/lang/NoSuchMethodError'{0x0000000088b95e60}: 'void java.lang.invoke.DirectMethodHandle$Holder.invokeSpecial(java.lang.Object, java.lang.Object, int)'> (0x0000000088b95e60) 
thrown [s\src\hotspot\share\interpreter\linkResolver.cpp, line 771]
Event: 216.953 Thread 0x00000281bfa11a40 Exception <a 'java/lang/NoSuchMethodError'{0x0000000088bc0320}: 'void java.lang.invoke.DirectMethodHandle$Holder.invokeSpecial(java.lang.Object, java.lang.Object, int)'> (0x0000000088bc0320) 
thrown [s\src\hotspot\share\interpreter\linkResolver.cpp, line 771]
Event: 216.953 Thread 0x00000281bfa158d0 Exception <a 'java/lang/NoSuchMethodError'{0x0000000088ba89a0}: 'void java.lang.invoke.DirectMethodHandle$Holder.invokeSpecial(java.lang.Object, java.lang.Object, int)'> (0x0000000088ba89a0) 
thrown [s\src\hotspot\share\interpreter\linkResolver.cpp, line 771]
Event: 216.953 Thread 0x00000281bfa0e080 Exception <a 'java/lang/NoSuchMethodError'{0x0000000088b87d58}: 'void java.lang.invoke.DirectMethodHandle$Holder.invokeSpecial(java.lang.Object, java.lang.Object, int)'> (0x0000000088b87d58) 
thrown [s\src\hotspot\share\interpreter\linkResolver.cpp, line 771]

VM Operations (20 events):
Event: 210.160 Executing VM operation: Cleanup
Event: 210.160 Executing VM operation: Cleanup done
Event: 211.873 Executing VM operation: G1CollectForAllocation
Event: 211.885 Executing VM operation: G1CollectForAllocation done
Event: 212.885 Executing VM operation: Cleanup
Event: 212.886 Executing VM operation: Cleanup done
Event: 214.878 Executing VM operation: HandshakeAllThreads
Event: 214.879 Executing VM operation: HandshakeAllThreads done
Event: 214.879 Executing VM operation: Cleanup
Event: 214.879 Executing VM operation: Cleanup done
Event: 215.880 Executing VM operation: Cleanup
Event: 215.881 Executing VM operation: Cleanup done
Event: 216.359 Executing VM operation: HandshakeAllThreads
Event: 216.360 Executing VM operation: HandshakeAllThreads done
Event: 216.382 Executing VM operation: HandshakeAllThreads
Event: 216.383 Executing VM operation: HandshakeAllThreads done
Event: 217.323 Executing VM operation: HandshakeAllThreads
Event: 217.324 Executing VM operation: HandshakeAllThreads done
Event: 217.324 Executing VM operation: Cleanup
Event: 217.324 Executing VM operation: Cleanup done

Events (20 events):
Event: 206.308 loading class java/util/stream/SliceOps
Event: 206.309 loading class java/util/stream/SliceOps done
Event: 206.309 loading class java/util/stream/SliceOps$1
Event: 206.309 loading class java/util/stream/SliceOps$1 done
Event: 206.311 loading class java/util/stream/SliceOps$1$1
Event: 206.311 loading class java/util/stream/SliceOps$1$1 done
Event: 206.894 loading class java/util/IdentityHashMap$ValueIterator
Event: 206.895 loading class java/util/IdentityHashMap$ValueIterator done
Event: 216.365 loading class java/nio/ShortBuffer
Event: 216.367 loading class java/nio/ShortBuffer done
Event: 216.956 loading class java/nio/ByteBufferAsShortBufferL
Event: 216.956 loading class java/nio/ByteBufferAsShortBufferL done
Event: 217.156 loading class java/util/zip/Adler32
Event: 217.320 loading class java/util/zip/Adler32 done
Event: 217.351 loading class java/util/zip/Deflater
Event: 217.352 loading class java/util/zip/Deflater done
Event: 217.355 loading class java/util/zip/Deflater$DeflaterZStreamRef
Event: 217.355 loading class java/util/zip/Deflater$DeflaterZStreamRef done
Event: 217.514 loading class java/util/zip/ZipOutputStream$XEntry
Event: 217.515 loading class java/util/zip/ZipOutputStream$XEntry done


Dynamic libraries:
0x00007ff7704c0000 - 0x00007ff7704ca000 	C:\Program Files\Android\Android Studio1\jbr\bin\java.exe
0x00007ff8d2be0000 - 0x00007ff8d2dd0000 	C:\WINDOWS\SYSTEM32\ntdll.dll
0x00007ff8d27e0000 - 0x00007ff8d2892000 	C:\WINDOWS\System32\KERNEL32.DLL
0x00007ff8d03b0000 - 0x00007ff8d0655000 	C:\WINDOWS\System32\KERNELBASE.dll
0x00007ff8d0b10000 - 0x00007ff8d0c0a000 	C:\WINDOWS\System32\ucrtbase.dll
0x00007ff8aebc0000 - 0x00007ff8aebdb000 	C:\Program Files\Android\Android Studio1\jbr\bin\VCRUNTIME140.dll
0x00007ff8c6200000 - 0x00007ff8c6217000 	C:\Program Files\Android\Android Studio1\jbr\bin\jli.dll
0x00007ff8d2430000 - 0x00007ff8d25c4000 	C:\WINDOWS\System32\USER32.dll
0x00007ff8d0c60000 - 0x00007ff8d0c81000 	C:\WINDOWS\System32\win32u.dll
0x00007ff8d28a0000 - 0x00007ff8d28c6000 	C:\WINDOWS\System32\GDI32.dll
0x00007ff8d06c0000 - 0x00007ff8d0858000 	C:\WINDOWS\System32\gdi32full.dll
0x00007ff8d08f0000 - 0x00007ff8d098e000 	C:\WINDOWS\System32\msvcp_win.dll
0x00007ff8ceeb0000 - 0x00007ff8cf134000 	C:\WINDOWS\WinSxS\amd64_microsoft.windows.common-controls_6595b64144ccf1df_6.0.18362.1556_none_9e7e372fe45e41d5\COMCTL32.dll
0x00007ff8d2390000 - 0x00007ff8d242e000 	C:\WINDOWS\System32\msvcrt.dll
0x00007ff8d1900000 - 0x00007ff8d1c36000 	C:\WINDOWS\System32\combase.dll
0x00007ff8d2a80000 - 0x00007ff8d2b9f000 	C:\WINDOWS\System32\RPCRT4.dll
0x00007ff8d0860000 - 0x00007ff8d08e1000 	C:\WINDOWS\System32\bcryptPrimitives.dll
0x00007ff8d0c90000 - 0x00007ff8d0cbe000 	C:\WINDOWS\System32\IMM32.DLL
0x00007ff8c61e0000 - 0x00007ff8c61ec000 	C:\Program Files\Android\Android Studio1\jbr\bin\vcruntime140_1.dll
0x00007ff895660000 - 0x00007ff8956ed000 	C:\Program Files\Android\Android Studio1\jbr\bin\msvcp140.dll
0x00007ff892850000 - 0x00007ff8934bd000 	C:\Program Files\Android\Android Studio1\jbr\bin\server\jvm.dll
0x00007ff8d0e20000 - 0x00007ff8d0ec3000 	C:\WINDOWS\System32\ADVAPI32.dll
0x00007ff8d0fa0000 - 0x00007ff8d1037000 	C:\WINDOWS\System32\sechost.dll
0x00007ff8bd540000 - 0x00007ff8bd54a000 	C:\WINDOWS\SYSTEM32\VERSION.dll
0x00007ff8cce20000 - 0x00007ff8cce44000 	C:\WINDOWS\SYSTEM32\WINMM.dll
0x00007ff8cde40000 - 0x00007ff8cde49000 	C:\WINDOWS\SYSTEM32\WSOCK32.dll
0x00007ff8d12f0000 - 0x00007ff8d135f000 	C:\WINDOWS\System32\WS2_32.dll
0x00007ff8ccd10000 - 0x00007ff8ccd3d000 	C:\WINDOWS\SYSTEM32\winmmbase.dll
0x00007ff8d0c10000 - 0x00007ff8d0c5a000 	C:\WINDOWS\System32\cfgmgr32.dll
0x00007ff8cfaf0000 - 0x00007ff8cfb01000 	C:\WINDOWS\System32\kernel.appcore.dll
0x00007ff8cde30000 - 0x00007ff8cde3a000 	C:\Program Files\Android\Android Studio1\jbr\bin\jimage.dll
0x00007ff8cf620000 - 0x00007ff8cf814000 	C:\WINDOWS\SYSTEM32\DBGHELP.DLL
0x00007ff8cf450000 - 0x00007ff8cf47a000 	C:\WINDOWS\SYSTEM32\dbgcore.DLL
0x00007ff8ccea0000 - 0x00007ff8ccec5000 	C:\Program Files\Android\Android Studio1\jbr\bin\java.dll
0x00007ff8ccf00000 - 0x00007ff8ccf18000 	C:\Program Files\Android\Android Studio1\jbr\bin\zip.dll
0x00007ff8d1ca0000 - 0x00007ff8d2387000 	C:\WINDOWS\System32\SHELL32.dll
0x00007ff8d1380000 - 0x00007ff8d1428000 	C:\WINDOWS\System32\shcore.dll
0x00007ff8cfb50000 - 0x00007ff8d02cb000 	C:\WINDOWS\System32\windows.storage.dll
0x00007ff8cfb10000 - 0x00007ff8cfb2e000 	C:\WINDOWS\System32\profapi.dll
0x00007ff8cfaa0000 - 0x00007ff8cfaea000 	C:\WINDOWS\System32\powrprof.dll
0x00007ff8cfa90000 - 0x00007ff8cfaa0000 	C:\WINDOWS\System32\UMPDC.dll
0x00007ff8d1430000 - 0x00007ff8d1482000 	C:\WINDOWS\System32\shlwapi.dll
0x00007ff8d0af0000 - 0x00007ff8d0b07000 	C:\WINDOWS\System32\cryptsp.dll
0x00007ff8cb3a0000 - 0x00007ff8cb3b9000 	C:\Program Files\Android\Android Studio1\jbr\bin\net.dll
0x00007ff8c6fd0000 - 0x00007ff8c70ca000 	C:\WINDOWS\SYSTEM32\WINHTTP.dll
0x00007ff8cec10000 - 0x00007ff8cec77000 	C:\WINDOWS\system32\mswsock.dll
0x00007ff8c8b10000 - 0x00007ff8c8b26000 	C:\Program Files\Android\Android Studio1\jbr\bin\nio.dll
0x00007ff8ccb00000 - 0x00007ff8ccb10000 	C:\Program Files\Android\Android Studio1\jbr\bin\verify.dll
0x00007ff8afda0000 - 0x00007ff8afdc7000 	C:\Users\SEBASTIAN\.gradle\native\68d5fa5c4cc2d200863cafc0d521ce42e7d3e7ee720ec0a83991735586a16f82\windows-amd64\native-platform.dll
0x00007ff893800000 - 0x00007ff893944000 	C:\Users\SEBASTIAN\.gradle\native\e376f236ea51e6404a007f0833ffe2c6e607c4080706a723a18a27aeea778392\windows-amd64\native-platform-file-events.dll
0x00007ff8cddf0000 - 0x00007ff8cddf9000 	C:\Program Files\Android\Android Studio1\jbr\bin\management.dll
0x00007ff8cdb00000 - 0x00007ff8cdb0b000 	C:\Program Files\Android\Android Studio1\jbr\bin\management_ext.dll
0x00007ff8d1270000 - 0x00007ff8d1278000 	C:\WINDOWS\System32\PSAPI.DLL
0x00007ff8ce910000 - 0x00007ff8ce943000 	C:\WINDOWS\system32\rsaenh.dll
0x00007ff8d02d0000 - 0x00007ff8d02f6000 	C:\WINDOWS\System32\bcrypt.dll
0x00007ff8cf980000 - 0x00007ff8cf9a5000 	C:\WINDOWS\SYSTEM32\USERENV.dll
0x00007ff8cede0000 - 0x00007ff8cedec000 	C:\WINDOWS\SYSTEM32\CRYPTBASE.dll
0x00007ff8ce9f0000 - 0x00007ff8cea2a000 	C:\WINDOWS\SYSTEM32\IPHLPAPI.DLL
0x00007ff8d1360000 - 0x00007ff8d1368000 	C:\WINDOWS\System32\NSI.dll
0x00007ff8c83e0000 - 0x00007ff8c83f6000 	C:\WINDOWS\SYSTEM32\dhcpcsvc6.DLL
0x00007ff8c83c0000 - 0x00007ff8c83dc000 	C:\WINDOWS\SYSTEM32\dhcpcsvc.DLL
0x00007ff8ce840000 - 0x00007ff8ce90b000 	C:\WINDOWS\SYSTEM32\DNSAPI.dll
0x00007ff8cb2f0000 - 0x00007ff8cb2f7000 	C:\WINDOWS\system32\wshunix.dll

dbghelp: loaded successfully - version: 4.0.5 - missing functions: none
symbol engine: initialized successfully - sym options: 0x614 - pdb path: .;C:\Program Files\Android\Android Studio1\jbr\bin;C:\WINDOWS\SYSTEM32;C:\WINDOWS\WinSxS\amd64_microsoft.windows.common-controls_6595b64144ccf1df_6.0.18362.1556_none_9e7e372fe45e41d5;C:\Program Files\Android\Android Studio1\jbr\bin\server;C:\Users\SEBASTIAN\.gradle\native\68d5fa5c4cc2d200863cafc0d521ce42e7d3e7ee720ec0a83991735586a16f82\windows-amd64;C:\Users\SEBASTIAN\.gradle\native\e376f236ea51e6404a007f0833ffe2c6e607c4080706a723a18a27aeea778392\windows-amd64

VM Arguments:
jvm_args: --add-opens=java.base/java.util=ALL-UNNAMED --add-opens=java.base/java.lang=ALL-UNNAMED --add-opens=java.base/java.lang.invoke=ALL-UNNAMED --add-opens=java.prefs/java.util.prefs=ALL-UNNAMED --add-opens=java.base/java.nio.charset=ALL-UNNAMED --add-opens=java.base/java.net=ALL-UNNAMED --add-opens=java.base/java.util.concurrent.atomic=ALL-UNNAMED -Xmx2048m -Dfile.encoding=UTF-8 -Duser.country=PE -Duser.language=es -Duser.variant 
java_command: org.gradle.launcher.daemon.bootstrap.GradleDaemon 8.0
java_class_path (initial): C:\Users\SEBASTIAN\.gradle\wrapper\dists\gradle-8.0-bin\ca5e32bp14vu59qr306oxotwh\gradle-8.0\lib\gradle-launcher-8.0.jar
Launcher Type: SUN_STANDARD

[Global flags]
     intx CICompilerCount                          = 4                                         {product} {ergonomic}
     uint ConcGCThreads                            = 2                                         {product} {ergonomic}
     uint G1ConcRefinementThreads                  = 8                                         {product} {ergonomic}
   size_t G1HeapRegionSize                         = 1048576                                   {product} {ergonomic}
    uintx GCDrainStackTargetSize                   = 64                                        {product} {ergonomic}
   size_t InitialHeapSize                          = 132120576                                 {product} {ergonomic}
   size_t MarkStackSize                            = 4194304                                   {product} {ergonomic}
   size_t MaxHeapSize                              = 2147483648                                {product} {command line}
   size_t MaxNewSize                               = 1287651328                                {product} {ergonomic}
   size_t MinHeapDeltaBytes                        = 1048576                                   {product} {ergonomic}
   size_t MinHeapSize                              = 8388608                                   {product} {ergonomic}
    uintx NonNMethodCodeHeapSize                   = 5839372                                {pd product} {ergonomic}
    uintx NonProfiledCodeHeapSize                  = 122909434                              {pd product} {ergonomic}
    uintx ProfiledCodeHeapSize                     = 122909434                              {pd product} {ergonomic}
    uintx ReservedCodeCacheSize                    = 251658240                              {pd product} {ergonomic}
     bool SegmentedCodeCache                       = true                                      {product} {ergonomic}
   size_t SoftMaxHeapSize                          = 2147483648                             {manageable} {ergonomic}
     bool UseCompressedClassPointers               = true                           {product lp64_product} {ergonomic}
     bool UseCompressedOops                        = true                           {product lp64_product} {ergonomic}
     bool UseG1GC                                  = true                                      {product} {ergonomic}
     bool UseLargePagesIndividualAllocation        = false                                  {pd product} {ergonomic}

Logging:
Log output configuration:
 #0: stdout all=warning uptime,level,tags
 #1: stderr all=off uptime,level,tags

Environment Variables:
PATH=C:\Program Files\Common Files\Oracle\Java\javapath;C:\Program Files (x86)\Common Files\Oracle\Java\javapath;C:\ProgramData\Oracle\Java\javapath;C:\Program Files (x86)\Intel\Intel(R) Management Engine Components\iCLS\;C:\Program Files\Intel\Intel(R) Management Engine Components\iCLS\;C:\WINDOWS\system32;C:\WINDOWS;C:\WINDOWS\System32\Wbem;C:\WINDOWS\System32\WindowsPowerShell\v1.0\;C:\Program Files (x86)\Intel\Intel(R) Management Engine Components\DAL;C:\Program Files\Intel\Intel(R) Management Engine Components\DAL;C:\Program Files (x86)\Intel\Intel(R) Management Engine Components\IPT;C:\Program Files\Intel\Intel(R) Management Engine Components\IPT;C:\WINDOWS\System32\OpenSSH\;C:\Program Files\Microsoft SQL Server\120\Tools\Binn\;C:\Program Files\Microsoft SQL Server\Client SDK\ODBC\110\Tools\Binn\;C:\Program Files (x86)\Microsoft SQL Server\120\Tools\Binn\;C:\Program Files\Microsoft SQL Server\120\DTS\Binn\;C:\Program Files (x86)\Microsoft SQL Server\120\Tools\Binn\ManagementStudio\;C:\Program Files (x86)\Microsoft SQL Server\120\DTS\Binn\;C:\Program Files\Microsoft SQL Server\Client SDK\ODBC\170\Tools\Binn\;C:\Program Files (x86)\Microsoft SQL Server\150\Tools\Binn\;C:\Program Files\Microsoft SQL Server\150\Tools\Binn\;C:\Program Files\Microsoft SQL Server\150\DTS\Binn\;C:\Program Files\MongoDB\Server\5.0\bin;C:\Program Files\nodejs\;C:\Python39\Scripts\;C:\Python39\;C:\Program Files\MySQL\MySQL Shell 8.0\bin\;C:\Users\SEBASTIAN\AppData\Local\Microsoft\WindowsApps;C:\Program Files\JetBrains\PyCharm Community Edition 2021.2.1\bin;;C:\Users\SEBASTIAN\AppData\Local\Programs\Microsoft VS Code\bin;C:\Users\SEBASTIAN\AppData\Roaming\npm
USERNAME=SEBASTIAN
OS=Windows_NT
PROCESSOR_IDENTIFIER=Intel64 Family 6 Model 142 Stepping 10, GenuineIntel
TMP=C:\Users\SEBAST~1\AppData\Local\Temp
TEMP=C:\Users\SEBAST~1\AppData\Local\Temp



---------------  S Y S T E M  ---------------

OS:
 Windows 10 , 64 bit Build 18362 (10.0.18362.1500)
OS uptime: 3 days 21:33 hours

CPU: total 8 (initial active 8) (4 cores per cpu, 2 threads per core) family 6 model 142 stepping 10 microcode 0xe0, cx8, cmov, fxsr, ht, mmx, 3dnowpref, sse, sse2, sse3, ssse3, sse4.1, sse4.2, popcnt, lzcnt, tsc, tscinvbit, avx, avx2, aes, erms, clmul, bmi1, bmi2, adx, fma, vzeroupper, clflush, clflushopt

Memory: 4k page, system-wide physical 8058M (239M free)
TotalPageFile size 10773M (AvailPageFile size 1620M)
current process WorkingSet (physical memory assigned to process): 422M, peak: 422M
current process commit charge ("private bytes"): 471M, peak: 471M

vm_info: OpenJDK 64-Bit Server VM (17.0.6+0-b2043.56-9586694) for windows-amd64 JRE (17.0.6+0-b2043.56-9586694), built on Feb  9 2023 20:06:20 by "androidbuild" with MS VC++ 16.10 / 16.11 (VS2019)

END.
